<!DOCTYPE HTML PUBLIC "-//W3C//DTD HTML 4.01 Transitional//EN" "http://www.w3.org/TR/html4/loose.dtd">
<html>
<head>
<meta charset="UTF-8"/>
<title>ErrorLog</title>
<style type="text/css">
<!--
body, table {font-family:arial,sans-serif; font-size: medium
;}th {background: #336699; color: #FFFFFF; text-align: left;}
-->
</style>
</head>
<body bgcolor="#FFFFFF" topmargin="6" leftmargin="6">
<hr size="1" noshade="noshade">
Log session start time Fri Jul 19 19:35:34 IST 2019<br>
<br>
<table cellspacing="0" cellpadding="4" border="1" bordercolor="#224466" width="100%">
<tr>
<th>Time</th>
<th>Thread</th>
<th>Level</th>
<th>Logger</th>
<th>File:Line</th>
<th>Message</th>
</tr>

<tr>
<td>140494</td>
<td title="main thread">main</td>
<td title="Level"><font color="#993300"><strong>ERROR</strong></font></td>
<td title="TestBase.TestBaseClass logger">TestBase.TestBaseClass</td>
<td>Keywords.java:2079</td>
<td title="Message">The error is due to : org.openqa.selenium.ElementNotInteractableException: element not interactable<br />  (Session info: chrome=75.0.3770.142)<br />Build info: version: '3.141.59', revision: 'e82be7d358', time: '2018-11-14T08:25:53'<br />System info: host: 'PP-IN-LAP-13', ip: '10.1.90.154', os.name: 'Windows 10', os.arch: 'x86', os.version: '10.0', java.version: '1.8.0_201'<br />Driver info: org.openqa.selenium.chrome.ChromeDriver<br />Capabilities {acceptInsecureCerts: false, browserName: chrome, browserVersion: 75.0.3770.142, chrome: {chromedriverVersion: 75.0.3770.90 (a6dcaf7e3ec6f..., userDataDir: C:\Users\GEETHA~1.MUD\AppDa...}, goog:chromeOptions: {debuggerAddress: localhost:61129}, javascriptEnabled: true, networkConnectionEnabled: false, pageLoadStrategy: normal, platform: XP, platformName: XP, proxy: Proxy(), setWindowRect: true, strictFileInteractability: false, timeouts: {implicit: 0, pageLoad: 300000, script: 30000}, unhandledPromptBehavior: dismiss and notify}<br />Session ID: b5fb58cccc44e1cfcc855b6e70dcdd4d</td>
</tr>

<tr>
<td>172646</td>
<td title="main thread">main</td>
<td title="Level"><font color="#993300"><strong>ERROR</strong></font></td>
<td title="TestBase.TestBaseClass logger">TestBase.TestBaseClass</td>
<td>Keywords.java:2094</td>
<td title="Message">TestCase: TC08TestStep: TS17Keyword : Routing_BtnSubmit<br />Error :no such element: Unable to locate element: {&quot;method&quot;:&quot;xpath&quot;,&quot;selector&quot;:&quot;//button[@k-options='submitButton']&quot;}<br />  (Session info: chrome=75.0.3770.142)<br />For documentation on this error, please visit: https://www.seleniumhq.org/exceptions/no_such_element.html<br />Build info: version: '3.141.59', revision: 'e82be7d358', time: '2018-11-14T08:25:53'<br />System info: host: 'PP-IN-LAP-13', ip: '10.1.90.154', os.name: 'Windows 10', os.arch: 'x86', os.version: '10.0', java.version: '1.8.0_201'<br />Driver info: org.openqa.selenium.chrome.ChromeDriver<br />Capabilities {acceptInsecureCerts: false, browserName: chrome, browserVersion: 75.0.3770.142, chrome: {chromedriverVersion: 75.0.3770.90 (a6dcaf7e3ec6f..., userDataDir: C:\Users\GEETHA~1.MUD\AppDa...}, goog:chromeOptions: {debuggerAddress: localhost:61129}, javascriptEnabled: true, networkConnectionEnabled: false, pageLoadStrategy: normal, platform: XP, platformName: XP, proxy: Proxy(), setWindowRect: true, strictFileInteractability: false, timeouts: {implicit: 0, pageLoad: 300000, script: 30000}, unhandledPromptBehavior: dismiss and notify}<br />Session ID: b5fb58cccc44e1cfcc855b6e70dcdd4d<br />*** Element info: {Using=xpath, value=//button[@k-options='submitButton']}</td>
</tr>

<tr>
<td>173096</td>
<td title="main thread">main</td>
<td title="Level"><font color="#993300"><strong>ERROR</strong></font></td>
<td title="Test.TestController logger">Test.TestController</td>
<td>TestController.java:208</td>
<td title="Message">TestCase: TC08TestStep: TS17Keyword : Routing_BtnSubmit<br />Screenshot_Path: C:\FunctionalTestAutomation\Screenshots\TC08TS17Routing_BtnSubmit_19_07_2019_07_36_06.png</td>
</tr>

<tr>
<td>151266</td>
<td title="main thread">main</td>
<td title="Level"><font color="#993300"><strong>ERROR</strong></font></td>
<td title="TestBase.TestBaseClass logger">TestBase.TestBaseClass</td>
<td>Keywords.java:2079</td>
<td title="Message">The error is due to : org.openqa.selenium.ElementNotInteractableException: element not interactable<br />  (Session info: chrome=75.0.3770.142)<br />Build info: version: '3.141.59', revision: 'e82be7d358', time: '2018-11-14T08:25:53'<br />System info: host: 'PP-IN-LAP-13', ip: '10.1.90.154', os.name: 'Windows 10', os.arch: 'x86', os.version: '10.0', java.version: '1.8.0_201'<br />Driver info: org.openqa.selenium.chrome.ChromeDriver<br />Capabilities {acceptInsecureCerts: false, browserName: chrome, browserVersion: 75.0.3770.142, chrome: {chromedriverVersion: 75.0.3770.90 (a6dcaf7e3ec6f..., userDataDir: C:\Users\GEETHA~1.MUD\AppDa...}, goog:chromeOptions: {debuggerAddress: localhost:61539}, javascriptEnabled: true, networkConnectionEnabled: false, pageLoadStrategy: normal, platform: XP, platformName: XP, proxy: Proxy(), setWindowRect: true, strictFileInteractability: false, timeouts: {implicit: 0, pageLoad: 300000, script: 30000}, unhandledPromptBehavior: dismiss and notify}<br />Session ID: 3d8153af6b754637c8431f3846c96bd3</td>
</tr>

<tr>
<td>183342</td>
<td title="main thread">main</td>
<td title="Level"><font color="#993300"><strong>ERROR</strong></font></td>
<td title="TestBase.TestBaseClass logger">TestBase.TestBaseClass</td>
<td>Keywords.java:2094</td>
<td title="Message">TestCase: TC08TestStep: TS18Keyword : Routing_BtnSubmit<br />Error :no such element: Unable to locate element: {&quot;method&quot;:&quot;xpath&quot;,&quot;selector&quot;:&quot;//button[@k-options='submitButton']&quot;}<br />  (Session info: chrome=75.0.3770.142)<br />For documentation on this error, please visit: https://www.seleniumhq.org/exceptions/no_such_element.html<br />Build info: version: '3.141.59', revision: 'e82be7d358', time: '2018-11-14T08:25:53'<br />System info: host: 'PP-IN-LAP-13', ip: '10.1.90.154', os.name: 'Windows 10', os.arch: 'x86', os.version: '10.0', java.version: '1.8.0_201'<br />Driver info: org.openqa.selenium.chrome.ChromeDriver<br />Capabilities {acceptInsecureCerts: false, browserName: chrome, browserVersion: 75.0.3770.142, chrome: {chromedriverVersion: 75.0.3770.90 (a6dcaf7e3ec6f..., userDataDir: C:\Users\GEETHA~1.MUD\AppDa...}, goog:chromeOptions: {debuggerAddress: localhost:61539}, javascriptEnabled: true, networkConnectionEnabled: false, pageLoadStrategy: normal, platform: XP, platformName: XP, proxy: Proxy(), setWindowRect: true, strictFileInteractability: false, timeouts: {implicit: 0, pageLoad: 300000, script: 30000}, unhandledPromptBehavior: dismiss and notify}<br />Session ID: 3d8153af6b754637c8431f3846c96bd3<br />*** Element info: {Using=xpath, value=//button[@k-options='submitButton']}</td>
</tr>

<tr>
<td>183797</td>
<td title="main thread">main</td>
<td title="Level"><font color="#993300"><strong>ERROR</strong></font></td>
<td title="Test.TestController logger">Test.TestController</td>
<td>TestController.java:208</td>
<td title="Message">TestCase: TC08TestStep: TS18Keyword : Routing_BtnSubmit<br />Screenshot_Path: C:\FunctionalTestAutomation\Screenshots\TC08TS18Routing_BtnSubmit_19_07_2019_07_42_37.png</td>
</tr>

<tr>
<td>127894</td>
<td title="main thread">main</td>
<td title="Level"><font color="#993300"><strong>ERROR</strong></font></td>
<td title="TestBase.TestBaseClass logger">TestBase.TestBaseClass</td>
<td>Keywords.java:2084</td>
<td title="Message">The error is due to : org.openqa.selenium.InvalidSelectorException: invalid selector: Unable to locate an element with the xpath expression  because of the following error:<br />SyntaxError: Failed to execute 'evaluate' on 'Document': The string '' is not a valid XPath expression.<br />  (Session info: chrome=75.0.3770.142)<br />For documentation on this error, please visit: https://www.seleniumhq.org/exceptions/invalid_selector_exception.html<br />Build info: version: '3.141.59', revision: 'e82be7d358', time: '2018-11-14T08:25:53'<br />System info: host: 'PP-IN-LAP-13', ip: '10.1.90.154', os.name: 'Windows 10', os.arch: 'x86', os.version: '10.0', java.version: '1.8.0_201'<br />Driver info: org.openqa.selenium.chrome.ChromeDriver<br />Capabilities {acceptInsecureCerts: false, browserName: chrome, browserVersion: 75.0.3770.142, chrome: {chromedriverVersion: 75.0.3770.90 (a6dcaf7e3ec6f..., userDataDir: C:\Users\GEETHA~1.MUD\AppDa...}, goog:chromeOptions: {debuggerAddress: localhost:65069}, javascriptEnabled: true, networkConnectionEnabled: false, pageLoadStrategy: normal, platform: XP, platformName: XP, proxy: Proxy(), setWindowRect: true, strictFileInteractability: false, timeouts: {implicit: 0, pageLoad: 300000, script: 30000}, unhandledPromptBehavior: dismiss and notify}<br />Session ID: 57415d1a0d4ca4c52cf710f250aa13ca<br />*** Element info: {Using=xpath, value=}</td>
</tr>

<tr>
<td>159946</td>
<td title="main thread">main</td>
<td title="Level"><font color="#993300"><strong>ERROR</strong></font></td>
<td title="TestBase.TestBaseClass logger">TestBase.TestBaseClass</td>
<td>Keywords.java:2099</td>
<td title="Message">TestCase: TC08TestStep: TS18Keyword : Routing_BtnSubmit<br />Error :no such element: Unable to locate element: {&quot;method&quot;:&quot;xpath&quot;,&quot;selector&quot;:&quot;//button[@k-options='submitButton']&quot;}<br />  (Session info: chrome=75.0.3770.142)<br />For documentation on this error, please visit: https://www.seleniumhq.org/exceptions/no_such_element.html<br />Build info: version: '3.141.59', revision: 'e82be7d358', time: '2018-11-14T08:25:53'<br />System info: host: 'PP-IN-LAP-13', ip: '10.1.90.154', os.name: 'Windows 10', os.arch: 'x86', os.version: '10.0', java.version: '1.8.0_201'<br />Driver info: org.openqa.selenium.chrome.ChromeDriver<br />Capabilities {acceptInsecureCerts: false, browserName: chrome, browserVersion: 75.0.3770.142, chrome: {chromedriverVersion: 75.0.3770.90 (a6dcaf7e3ec6f..., userDataDir: C:\Users\GEETHA~1.MUD\AppDa...}, goog:chromeOptions: {debuggerAddress: localhost:65069}, javascriptEnabled: true, networkConnectionEnabled: false, pageLoadStrategy: normal, platform: XP, platformName: XP, proxy: Proxy(), setWindowRect: true, strictFileInteractability: false, timeouts: {implicit: 0, pageLoad: 300000, script: 30000}, unhandledPromptBehavior: dismiss and notify}<br />Session ID: 57415d1a0d4ca4c52cf710f250aa13ca<br />*** Element info: {Using=xpath, value=//button[@k-options='submitButton']}</td>
</tr>

<tr>
<td>160380</td>
<td title="main thread">main</td>
<td title="Level"><font color="#993300"><strong>ERROR</strong></font></td>
<td title="Test.TestController logger">Test.TestController</td>
<td>TestController.java:208</td>
<td title="Message">TestCase: TC08TestStep: TS18Keyword : Routing_BtnSubmit<br />Screenshot_Path: C:\FunctionalTestAutomation\Screenshots\TC08TS18Routing_BtnSubmit_19_07_2019_08_07_11.png</td>
</tr>
</table>
<br>
</body></html>
