<!DOCTYPE HTML PUBLIC "-//W3C//DTD HTML 4.01 Transitional//EN" "http://www.w3.org/TR/html4/loose.dtd">
<html>
<head>
<meta charset="UTF-8"/>
<title>ErrorLog</title>
<style type="text/css">
<!--
body, table {font-family:arial,sans-serif; font-size: medium
;}th {background: #336699; color: #FFFFFF; text-align: left;}
-->
</style>
</head>
<body bgcolor="#FFFFFF" topmargin="6" leftmargin="6">
<hr size="1" noshade="noshade">
Log session start time Mon Jul 15 16:43:01 IST 2019<br>
<br>
<table cellspacing="0" cellpadding="4" border="1" bordercolor="#224466" width="100%">
<tr>
<th>Time</th>
<th>Thread</th>
<th>Level</th>
<th>Logger</th>
<th>File:Line</th>
<th>Message</th>
</tr>

<tr>
<td>220596</td>
<td title="main thread">main</td>
<td title="Level"><font color="#993300"><strong>ERROR</strong></font></td>
<td title="TestBase.TestBaseClass logger">TestBase.TestBaseClass</td>
<td>Keywords.java:419</td>
<td title="Message">TestCase: TC05TestStep: TS05Keyword : ClickAndSelectSingleSelectDropdown<br />Error :element click intercepted: Element &lt;li tabindex=&quot;-1&quot; role=&quot;option&quot; unselectable=&quot;on&quot; class=&quot;k-item ng-scope&quot; data-offset-index=&quot;1&quot;&gt;...&lt;/li&gt; is not clickable at point (485, 456). Other element would receive the click: &lt;li tabindex=&quot;-1&quot; role=&quot;option&quot; unselectable=&quot;on&quot; class=&quot;k-item ng-scope&quot; data-offset-index=&quot;0&quot;&gt;...&lt;/li&gt;<br />  (Session info: chrome=75.0.3770.100)<br />Build info: version: '3.141.59', revision: 'e82be7d358', time: '2018-11-14T08:25:53'<br />System info: host: 'PP-IN-LAP-13', ip: '10.1.90.154', os.name: 'Windows 10', os.arch: 'x86', os.version: '10.0', java.version: '1.8.0_201'<br />Driver info: org.openqa.selenium.chrome.ChromeDriver<br />Capabilities {acceptInsecureCerts: false, browserName: chrome, browserVersion: 75.0.3770.100, chrome: {chromedriverVersion: 75.0.3770.90 (a6dcaf7e3ec6f..., userDataDir: C:\Users\GEETHA~1.MUD\AppDa...}, goog:chromeOptions: {debuggerAddress: localhost:50150}, javascriptEnabled: true, networkConnectionEnabled: false, pageLoadStrategy: normal, platform: XP, platformName: XP, proxy: Proxy(), setWindowRect: true, strictFileInteractability: false, timeouts: {implicit: 0, pageLoad: 300000, script: 30000}, unhandledPromptBehavior: dismiss and notify}<br />Session ID: b314d6d4fc6f30cf7a343975f903fdf1</td>
</tr>

<tr>
<td>221175</td>
<td title="main thread">main</td>
<td title="Level"><font color="#993300"><strong>ERROR</strong></font></td>
<td title="Test.TestController logger">Test.TestController</td>
<td>TestController.java:208</td>
<td title="Message">TestCase: TC05TestStep: TS05Keyword : ClickAndSelectSingleSelectDropdown<br />Screenshot_Path: C:\FunctionalTestAutomation\Screenshots\TC05TS05ClickAndSelectSingleSelectDropdown_15_07_2019_04_43_01.png</td>
</tr>

<tr>
<td>114390</td>
<td title="main thread">main</td>
<td title="Level"><font color="#993300"><strong>ERROR</strong></font></td>
<td title="TestBase.TestBaseClass logger">TestBase.TestBaseClass</td>
<td>Keywords.java:2079</td>
<td title="Message">The error is due to : org.openqa.selenium.NoSuchElementException: no such element: Unable to locate element: {&quot;method&quot;:&quot;xpath&quot;,&quot;selector&quot;:&quot;(//input[@name='grid_search_input'])[1]&quot;}<br />  (Session info: chrome=75.0.3770.100)<br />For documentation on this error, please visit: https://www.seleniumhq.org/exceptions/no_such_element.html<br />Build info: version: '3.141.59', revision: 'e82be7d358', time: '2018-11-14T08:25:53'<br />System info: host: 'PP-IN-LAP-13', ip: '10.1.90.154', os.name: 'Windows 10', os.arch: 'x86', os.version: '10.0', java.version: '1.8.0_201'<br />Driver info: org.openqa.selenium.chrome.ChromeDriver<br />Capabilities {acceptInsecureCerts: false, browserName: chrome, browserVersion: 75.0.3770.100, chrome: {chromedriverVersion: 75.0.3770.90 (a6dcaf7e3ec6f..., userDataDir: C:\Users\GEETHA~1.MUD\AppDa...}, goog:chromeOptions: {debuggerAddress: localhost:50250}, javascriptEnabled: true, networkConnectionEnabled: false, pageLoadStrategy: normal, platform: XP, platformName: XP, proxy: Proxy(), setWindowRect: true, strictFileInteractability: false, timeouts: {implicit: 0, pageLoad: 300000, script: 30000}, unhandledPromptBehavior: dismiss and notify}<br />Session ID: f51bf242d1cd4feb7493d4f1582c72a8<br />*** Element info: {Using=xpath, value=(//input[@name='grid_search_input'])[1]}</td>
</tr>

<tr>
<td>146452</td>
<td title="main thread">main</td>
<td title="Level"><font color="#993300"><strong>ERROR</strong></font></td>
<td title="TestBase.TestBaseClass logger">TestBase.TestBaseClass</td>
<td>Keywords.java:2094</td>
<td title="Message">TestCase: TC05TestStep: TS17Keyword : Routing_BtnSubmit<br />Error :no such element: Unable to locate element: {&quot;method&quot;:&quot;xpath&quot;,&quot;selector&quot;:&quot;//button[@k-options='submitButton']&quot;}<br />  (Session info: chrome=75.0.3770.100)<br />For documentation on this error, please visit: https://www.seleniumhq.org/exceptions/no_such_element.html<br />Build info: version: '3.141.59', revision: 'e82be7d358', time: '2018-11-14T08:25:53'<br />System info: host: 'PP-IN-LAP-13', ip: '10.1.90.154', os.name: 'Windows 10', os.arch: 'x86', os.version: '10.0', java.version: '1.8.0_201'<br />Driver info: org.openqa.selenium.chrome.ChromeDriver<br />Capabilities {acceptInsecureCerts: false, browserName: chrome, browserVersion: 75.0.3770.100, chrome: {chromedriverVersion: 75.0.3770.90 (a6dcaf7e3ec6f..., userDataDir: C:\Users\GEETHA~1.MUD\AppDa...}, goog:chromeOptions: {debuggerAddress: localhost:50250}, javascriptEnabled: true, networkConnectionEnabled: false, pageLoadStrategy: normal, platform: XP, platformName: XP, proxy: Proxy(), setWindowRect: true, strictFileInteractability: false, timeouts: {implicit: 0, pageLoad: 300000, script: 30000}, unhandledPromptBehavior: dismiss and notify}<br />Session ID: f51bf242d1cd4feb7493d4f1582c72a8<br />*** Element info: {Using=xpath, value=//button[@k-options='submitButton']}</td>
</tr>

<tr>
<td>146989</td>
<td title="main thread">main</td>
<td title="Level"><font color="#993300"><strong>ERROR</strong></font></td>
<td title="Test.TestController logger">Test.TestController</td>
<td>TestController.java:208</td>
<td title="Message">TestCase: TC05TestStep: TS17Keyword : Routing_BtnSubmit<br />Screenshot_Path: C:\FunctionalTestAutomation\Screenshots\TC05TS17Routing_BtnSubmit_15_07_2019_04_45_40.png</td>
</tr>

<tr>
<td>126178</td>
<td title="main thread">main</td>
<td title="Level"><font color="#993300"><strong>ERROR</strong></font></td>
<td title="TestBase.TestBaseClass logger">TestBase.TestBaseClass</td>
<td>Keywords.java:2079</td>
<td title="Message">The error is due to : org.openqa.selenium.ElementNotInteractableException: element not interactable<br />  (Session info: chrome=75.0.3770.100)<br />Build info: version: '3.141.59', revision: 'e82be7d358', time: '2018-11-14T08:25:53'<br />System info: host: 'PP-IN-LAP-13', ip: '10.1.90.154', os.name: 'Windows 10', os.arch: 'x86', os.version: '10.0', java.version: '1.8.0_201'<br />Driver info: org.openqa.selenium.chrome.ChromeDriver<br />Capabilities {acceptInsecureCerts: false, browserName: chrome, browserVersion: 75.0.3770.100, chrome: {chromedriverVersion: 75.0.3770.90 (a6dcaf7e3ec6f..., userDataDir: C:\Users\GEETHA~1.MUD\AppDa...}, goog:chromeOptions: {debuggerAddress: localhost:50341}, javascriptEnabled: true, networkConnectionEnabled: false, pageLoadStrategy: normal, platform: XP, platformName: XP, proxy: Proxy(), setWindowRect: true, strictFileInteractability: false, timeouts: {implicit: 0, pageLoad: 300000, script: 30000}, unhandledPromptBehavior: dismiss and notify}<br />Session ID: 4298fb89fd36f5434deda474d3fbc34a</td>
</tr>

<tr>
<td>182478</td>
<td title="main thread">main</td>
<td title="Level"><font color="#993300"><strong>ERROR</strong></font></td>
<td title="TestBase.TestBaseClass logger">TestBase.TestBaseClass</td>
<td>Keywords.java:2079</td>
<td title="Message">The error is due to : org.openqa.selenium.NoSuchElementException: no such element: Unable to locate element: {&quot;method&quot;:&quot;xpath&quot;,&quot;selector&quot;:&quot;(//input[@name='grid_search_input'])[1]&quot;}<br />  (Session info: chrome=75.0.3770.100)<br />For documentation on this error, please visit: https://www.seleniumhq.org/exceptions/no_such_element.html<br />Build info: version: '3.141.59', revision: 'e82be7d358', time: '2018-11-14T08:25:53'<br />System info: host: 'PP-IN-LAP-13', ip: '10.1.90.154', os.name: 'Windows 10', os.arch: 'x86', os.version: '10.0', java.version: '1.8.0_201'<br />Driver info: org.openqa.selenium.chrome.ChromeDriver<br />Capabilities {acceptInsecureCerts: false, browserName: chrome, browserVersion: 75.0.3770.100, chrome: {chromedriverVersion: 75.0.3770.90 (a6dcaf7e3ec6f..., userDataDir: C:\Users\GEETHA~1.MUD\AppDa...}, goog:chromeOptions: {debuggerAddress: localhost:51581}, javascriptEnabled: true, networkConnectionEnabled: false, pageLoadStrategy: normal, platform: XP, platformName: XP, proxy: Proxy(), setWindowRect: true, strictFileInteractability: false, timeouts: {implicit: 0, pageLoad: 300000, script: 30000}, unhandledPromptBehavior: dismiss and notify}<br />Session ID: 2602a529c8cfce7b3b5e7bee6b2d1049<br />*** Element info: {Using=xpath, value=(//input[@name='grid_search_input'])[1]}</td>
</tr>

<tr>
<td>214505</td>
<td title="main thread">main</td>
<td title="Level"><font color="#993300"><strong>ERROR</strong></font></td>
<td title="TestBase.TestBaseClass logger">TestBase.TestBaseClass</td>
<td>Keywords.java:2094</td>
<td title="Message">TestCase: TC05TestStep: TS17Keyword : Routing_BtnSubmit<br />Error :no such element: Unable to locate element: {&quot;method&quot;:&quot;xpath&quot;,&quot;selector&quot;:&quot;//button[@k-options='submitButton']&quot;}<br />  (Session info: chrome=75.0.3770.100)<br />For documentation on this error, please visit: https://www.seleniumhq.org/exceptions/no_such_element.html<br />Build info: version: '3.141.59', revision: 'e82be7d358', time: '2018-11-14T08:25:53'<br />System info: host: 'PP-IN-LAP-13', ip: '10.1.90.154', os.name: 'Windows 10', os.arch: 'x86', os.version: '10.0', java.version: '1.8.0_201'<br />Driver info: org.openqa.selenium.chrome.ChromeDriver<br />Capabilities {acceptInsecureCerts: false, browserName: chrome, browserVersion: 75.0.3770.100, chrome: {chromedriverVersion: 75.0.3770.90 (a6dcaf7e3ec6f..., userDataDir: C:\Users\GEETHA~1.MUD\AppDa...}, goog:chromeOptions: {debuggerAddress: localhost:51581}, javascriptEnabled: true, networkConnectionEnabled: false, pageLoadStrategy: normal, platform: XP, platformName: XP, proxy: Proxy(), setWindowRect: true, strictFileInteractability: false, timeouts: {implicit: 0, pageLoad: 300000, script: 30000}, unhandledPromptBehavior: dismiss and notify}<br />Session ID: 2602a529c8cfce7b3b5e7bee6b2d1049<br />*** Element info: {Using=xpath, value=//button[@k-options='submitButton']}</td>
</tr>

<tr>
<td>214927</td>
<td title="main thread">main</td>
<td title="Level"><font color="#993300"><strong>ERROR</strong></font></td>
<td title="Test.TestController logger">Test.TestController</td>
<td>TestController.java:208</td>
<td title="Message">TestCase: TC05TestStep: TS17Keyword : Routing_BtnSubmit<br />Screenshot_Path: C:\FunctionalTestAutomation\Screenshots\TC05TS17Routing_BtnSubmit_15_07_2019_05_35_48.png</td>
</tr>

<tr>
<td>125490</td>
<td title="main thread">main</td>
<td title="Level"><font color="#993300"><strong>ERROR</strong></font></td>
<td title="TestBase.TestBaseClass logger">TestBase.TestBaseClass</td>
<td>Keywords.java:2079</td>
<td title="Message">The error is due to : org.openqa.selenium.ElementNotInteractableException: element not interactable<br />  (Session info: chrome=75.0.3770.100)<br />Build info: version: '3.141.59', revision: 'e82be7d358', time: '2018-11-14T08:25:53'<br />System info: host: 'PP-IN-LAP-13', ip: '10.1.90.154', os.name: 'Windows 10', os.arch: 'x86', os.version: '10.0', java.version: '1.8.0_201'<br />Driver info: org.openqa.selenium.chrome.ChromeDriver<br />Capabilities {acceptInsecureCerts: false, browserName: chrome, browserVersion: 75.0.3770.100, chrome: {chromedriverVersion: 75.0.3770.90 (a6dcaf7e3ec6f..., userDataDir: C:\Users\GEETHA~1.MUD\AppDa...}, goog:chromeOptions: {debuggerAddress: localhost:51835}, javascriptEnabled: true, networkConnectionEnabled: false, pageLoadStrategy: normal, platform: XP, platformName: XP, proxy: Proxy(), setWindowRect: true, strictFileInteractability: false, timeouts: {implicit: 0, pageLoad: 300000, script: 30000}, unhandledPromptBehavior: dismiss and notify}<br />Session ID: c85dc1826a507bb50f56933913a30c31</td>
</tr>

<tr>
<td>248816</td>
<td title="main thread">main</td>
<td title="Level"><font color="#993300"><strong>ERROR</strong></font></td>
<td title="TestBase.TestBaseClass logger">TestBase.TestBaseClass</td>
<td>Keywords.java:273</td>
<td title="Message">TestCase: TC05TestStep: TS37Keyword : Dropdown<br />Error :no such element: Unable to locate element: {&quot;method&quot;:&quot;xpath&quot;,&quot;selector&quot;:&quot;//select[@name='Edit']&quot;}<br />  (Session info: chrome=75.0.3770.100)<br />For documentation on this error, please visit: https://www.seleniumhq.org/exceptions/no_such_element.html<br />Build info: version: '3.141.59', revision: 'e82be7d358', time: '2018-11-14T08:25:53'<br />System info: host: 'PP-IN-LAP-13', ip: '10.1.90.154', os.name: 'Windows 10', os.arch: 'x86', os.version: '10.0', java.version: '1.8.0_201'<br />Driver info: org.openqa.selenium.chrome.ChromeDriver<br />Capabilities {acceptInsecureCerts: false, browserName: chrome, browserVersion: 75.0.3770.100, chrome: {chromedriverVersion: 75.0.3770.90 (a6dcaf7e3ec6f..., userDataDir: C:\Users\GEETHA~1.MUD\AppDa...}, goog:chromeOptions: {debuggerAddress: localhost:51835}, javascriptEnabled: true, networkConnectionEnabled: false, pageLoadStrategy: normal, platform: XP, platformName: XP, proxy: Proxy(), setWindowRect: true, strictFileInteractability: false, timeouts: {implicit: 0, pageLoad: 300000, script: 30000}, unhandledPromptBehavior: dismiss and notify}<br />Session ID: c85dc1826a507bb50f56933913a30c31<br />*** Element info: {Using=xpath, value=//select[@name='Edit']}</td>
</tr>

<tr>
<td>249250</td>
<td title="main thread">main</td>
<td title="Level"><font color="#993300"><strong>ERROR</strong></font></td>
<td title="Test.TestController logger">Test.TestController</td>
<td>TestController.java:208</td>
<td title="Message">TestCase: TC05TestStep: TS37Keyword : Dropdown<br />Screenshot_Path: C:\FunctionalTestAutomation\Screenshots\TC05TS37Dropdown_15_07_2019_05_40_08.png</td>
</tr>

<tr>
<td>114289</td>
<td title="main thread">main</td>
<td title="Level"><font color="#993300"><strong>ERROR</strong></font></td>
<td title="TestBase.TestBaseClass logger">TestBase.TestBaseClass</td>
<td>Keywords.java:2079</td>
<td title="Message">The error is due to : org.openqa.selenium.NoSuchElementException: no such element: Unable to locate element: {&quot;method&quot;:&quot;xpath&quot;,&quot;selector&quot;:&quot;(//input[@name='grid_search_input'])[1]&quot;}<br />  (Session info: chrome=75.0.3770.100)<br />For documentation on this error, please visit: https://www.seleniumhq.org/exceptions/no_such_element.html<br />Build info: version: '3.141.59', revision: 'e82be7d358', time: '2018-11-14T08:25:53'<br />System info: host: 'PP-IN-LAP-13', ip: '10.1.90.154', os.name: 'Windows 10', os.arch: 'x86', os.version: '10.0', java.version: '1.8.0_201'<br />Driver info: org.openqa.selenium.chrome.ChromeDriver<br />Capabilities {acceptInsecureCerts: false, browserName: chrome, browserVersion: 75.0.3770.100, chrome: {chromedriverVersion: 75.0.3770.90 (a6dcaf7e3ec6f..., userDataDir: C:\Users\GEETHA~1.MUD\AppDa...}, goog:chromeOptions: {debuggerAddress: localhost:53236}, javascriptEnabled: true, networkConnectionEnabled: false, pageLoadStrategy: normal, platform: XP, platformName: XP, proxy: Proxy(), setWindowRect: true, strictFileInteractability: false, timeouts: {implicit: 0, pageLoad: 300000, script: 30000}, unhandledPromptBehavior: dismiss and notify}<br />Session ID: e08017c4c3a4c16e85e6b06b436b0c6e<br />*** Element info: {Using=xpath, value=(//input[@name='grid_search_input'])[1]}</td>
</tr>

<tr>
<td>146387</td>
<td title="main thread">main</td>
<td title="Level"><font color="#993300"><strong>ERROR</strong></font></td>
<td title="TestBase.TestBaseClass logger">TestBase.TestBaseClass</td>
<td>Keywords.java:2094</td>
<td title="Message">TestCase: TC05TestStep: TS17Keyword : Routing_BtnSubmit<br />Error :no such element: Unable to locate element: {&quot;method&quot;:&quot;xpath&quot;,&quot;selector&quot;:&quot;//button[@k-options='submitButton']&quot;}<br />  (Session info: chrome=75.0.3770.100)<br />For documentation on this error, please visit: https://www.seleniumhq.org/exceptions/no_such_element.html<br />Build info: version: '3.141.59', revision: 'e82be7d358', time: '2018-11-14T08:25:53'<br />System info: host: 'PP-IN-LAP-13', ip: '10.1.90.154', os.name: 'Windows 10', os.arch: 'x86', os.version: '10.0', java.version: '1.8.0_201'<br />Driver info: org.openqa.selenium.chrome.ChromeDriver<br />Capabilities {acceptInsecureCerts: false, browserName: chrome, browserVersion: 75.0.3770.100, chrome: {chromedriverVersion: 75.0.3770.90 (a6dcaf7e3ec6f..., userDataDir: C:\Users\GEETHA~1.MUD\AppDa...}, goog:chromeOptions: {debuggerAddress: localhost:53236}, javascriptEnabled: true, networkConnectionEnabled: false, pageLoadStrategy: normal, platform: XP, platformName: XP, proxy: Proxy(), setWindowRect: true, strictFileInteractability: false, timeouts: {implicit: 0, pageLoad: 300000, script: 30000}, unhandledPromptBehavior: dismiss and notify}<br />Session ID: e08017c4c3a4c16e85e6b06b436b0c6e<br />*** Element info: {Using=xpath, value=//button[@k-options='submitButton']}</td>
</tr>

<tr>
<td>146918</td>
<td title="main thread">main</td>
<td title="Level"><font color="#993300"><strong>ERROR</strong></font></td>
<td title="Test.TestController logger">Test.TestController</td>
<td>TestController.java:208</td>
<td title="Message">TestCase: TC05TestStep: TS17Keyword : Routing_BtnSubmit<br />Screenshot_Path: C:\FunctionalTestAutomation\Screenshots\TC05TS17Routing_BtnSubmit_15_07_2019_06_04_01.png</td>
</tr>

<tr>
<td>147565</td>
<td title="main thread">main</td>
<td title="Level"><font color="#993300"><strong>ERROR</strong></font></td>
<td title="TestBase.TestBaseClass logger">TestBase.TestBaseClass</td>
<td>Keywords.java:2079</td>
<td title="Message">The error is due to : org.openqa.selenium.ElementNotInteractableException: element not interactable<br />  (Session info: chrome=75.0.3770.100)<br />Build info: version: '3.141.59', revision: 'e82be7d358', time: '2018-11-14T08:25:53'<br />System info: host: 'PP-IN-LAP-13', ip: '10.1.90.154', os.name: 'Windows 10', os.arch: 'x86', os.version: '10.0', java.version: '1.8.0_201'<br />Driver info: org.openqa.selenium.chrome.ChromeDriver<br />Capabilities {acceptInsecureCerts: false, browserName: chrome, browserVersion: 75.0.3770.100, chrome: {chromedriverVersion: 75.0.3770.90 (a6dcaf7e3ec6f..., userDataDir: C:\Users\GEETHA~1.MUD\AppDa...}, goog:chromeOptions: {debuggerAddress: localhost:57120}, javascriptEnabled: true, networkConnectionEnabled: false, pageLoadStrategy: normal, platform: XP, platformName: XP, proxy: Proxy(), setWindowRect: true, strictFileInteractability: false, timeouts: {implicit: 0, pageLoad: 300000, script: 30000}, unhandledPromptBehavior: dismiss and notify}<br />Session ID: 2c14605817d47bd2fe003b4d05d3337b</td>
</tr>

<tr>
<td>168736</td>
<td title="main thread">main</td>
<td title="Level"><font color="#993300"><strong>ERROR</strong></font></td>
<td title="TestBase.TestBaseClass logger">TestBase.TestBaseClass</td>
<td>Keywords.java:2094</td>
<td title="Message">TestCase: TC05TestStep: TS17Keyword : Routing_BtnSubmit<br />Error :Cannot locate an element using xpath=//button[@k-options='submitButton']<br />For documentation on this error, please visit: https://www.seleniumhq.org/exceptions/no_such_element.html<br />Build info: version: '3.141.59', revision: 'e82be7d358', time: '2018-11-14T08:25:53'<br />System info: host: 'PP-IN-LAP-13', ip: '10.1.90.154', os.name: 'Windows 10', os.arch: 'x86', os.version: '10.0', java.version: '1.8.0_201'<br />Driver info: driver.version: RemoteWebDriver</td>
</tr>

<tr>
<td>126728</td>
<td title="main thread">main</td>
<td title="Level"><font color="#993300"><strong>ERROR</strong></font></td>
<td title="TestBase.TestBaseClass logger">TestBase.TestBaseClass</td>
<td>Keywords.java:2079</td>
<td title="Message">The error is due to : org.openqa.selenium.ElementNotInteractableException: element not interactable<br />  (Session info: chrome=75.0.3770.100)<br />Build info: version: '3.141.59', revision: 'e82be7d358', time: '2018-11-14T08:25:53'<br />System info: host: 'PP-IN-LAP-13', ip: '10.1.90.154', os.name: 'Windows 10', os.arch: 'x86', os.version: '10.0', java.version: '1.8.0_201'<br />Driver info: org.openqa.selenium.chrome.ChromeDriver<br />Capabilities {acceptInsecureCerts: false, browserName: chrome, browserVersion: 75.0.3770.100, chrome: {chromedriverVersion: 75.0.3770.90 (a6dcaf7e3ec6f..., userDataDir: C:\Users\GEETHA~1.MUD\AppDa...}, goog:chromeOptions: {debuggerAddress: localhost:57190}, javascriptEnabled: true, networkConnectionEnabled: false, pageLoadStrategy: normal, platform: XP, platformName: XP, proxy: Proxy(), setWindowRect: true, strictFileInteractability: false, timeouts: {implicit: 0, pageLoad: 300000, script: 30000}, unhandledPromptBehavior: dismiss and notify}<br />Session ID: 80157a233e75e67ffb7419e9e5deb4fc</td>
</tr>

<tr>
<td>145050</td>
<td title="main thread">main</td>
<td title="Level"><font color="#993300"><strong>ERROR</strong></font></td>
<td title="TestBase.TestBaseClass logger">TestBase.TestBaseClass</td>
<td>Keywords.java:2079</td>
<td title="Message">The error is due to : org.openqa.selenium.ElementNotInteractableException: element not interactable<br />  (Session info: chrome=75.0.3770.100)<br />Build info: version: '3.141.59', revision: 'e82be7d358', time: '2018-11-14T08:25:53'<br />System info: host: 'PP-IN-LAP-13', ip: '10.1.90.154', os.name: 'Windows 10', os.arch: 'x86', os.version: '10.0', java.version: '1.8.0_201'<br />Driver info: org.openqa.selenium.chrome.ChromeDriver<br />Capabilities {acceptInsecureCerts: false, browserName: chrome, browserVersion: 75.0.3770.100, chrome: {chromedriverVersion: 75.0.3770.90 (a6dcaf7e3ec6f..., userDataDir: C:\Users\GEETHA~1.MUD\AppDa...}, goog:chromeOptions: {debuggerAddress: localhost:57825}, javascriptEnabled: true, networkConnectionEnabled: false, pageLoadStrategy: normal, platform: XP, platformName: XP, proxy: Proxy(), setWindowRect: true, strictFileInteractability: false, timeouts: {implicit: 0, pageLoad: 300000, script: 30000}, unhandledPromptBehavior: dismiss and notify}<br />Session ID: 173db4f85259d166adb5169b2e02d946</td>
</tr>
</table>
<br>
</body></html>
