<!DOCTYPE HTML PUBLIC "-//W3C//DTD HTML 4.01 Transitional//EN" "http://www.w3.org/TR/html4/loose.dtd">
<html>
<head>
<meta charset="UTF-8"/>
<title>ErrorLog</title>
<style type="text/css">
<!--
body, table {font-family:arial,sans-serif; font-size: medium
;}th {background: #336699; color: #FFFFFF; text-align: left;}
-->
</style>
</head>
<body bgcolor="#FFFFFF" topmargin="6" leftmargin="6">
<hr size="1" noshade="noshade">
Log session start time Mon Mar 25 12:42:52 IST 2019<br>
<br>
<table cellspacing="0" cellpadding="4" border="1" bordercolor="#224466" width="100%">
<tr>
<th>Time</th>
<th>Thread</th>
<th>Level</th>
<th>Logger</th>
<th>File:Line</th>
<th>Message</th>
</tr>

<tr>
<td>39112</td>
<td title="main thread">main</td>
<td title="Level"><font color="#993300"><strong>ERROR</strong></font></td>
<td title="TestBase.TestBaseClass logger">TestBase.TestBaseClass</td>
<td>Keywords.java:399</td>
<td title="Message">TestCase: TC01TestStep: TS06Keyword : ClickAndSelectSingleSelectDropdown<br />Error :unknown error: Element &lt;span title=&quot;&quot; class=&quot;k-widget k-dropdown k-header ng-pristine ng-untouched ng-valid ng-scope&quot; unselectable=&quot;on&quot; role=&quot;listbox&quot; aria-haspopup=&quot;true&quot; aria-expanded=&quot;false&quot; tabindex=&quot;0&quot; aria-owns=&quot;{{item.Id}}_listbox&quot; aria-disabled=&quot;false&quot; aria-readonly=&quot;false&quot; aria-busy=&quot;false&quot; aria-activedescendant=&quot;3224634f-c666-4964-8037-b7578dbb6bf1&quot; style=&quot;width: 100%;&quot;&gt;...&lt;/span&gt; is not clickable at point (381, 453). Other element would receive the click: &lt;td title=&quot;...&quot;&gt;Andorra la Vella&lt;/td&gt;<br />  (Session info: chrome=72.0.3626.121)<br />  (Driver info: chromedriver=2.45.615291 (ec3682e3c9061c10f26ea9e5cdcf3c53f3f74387),platform=Windows NT 10.0.17134 x86_64) (WARNING: The server did not provide any stacktrace information)<br />Command duration or timeout: 0 milliseconds<br />Build info: version: '3.141.59', revision: 'e82be7d358', time: '2018-11-14T08:25:53'<br />System info: host: 'PP-IN-LAP-13', ip: '10.1.90.154', os.name: 'Windows 10', os.arch: 'x86', os.version: '10.0', java.version: '1.8.0_201'<br />Driver info: org.openqa.selenium.chrome.ChromeDriver<br />Capabilities {acceptInsecureCerts: false, acceptSslCerts: false, applicationCacheEnabled: false, browserConnectionEnabled: false, browserName: chrome, chrome: {chromedriverVersion: 2.45.615291 (ec3682e3c9061c..., userDataDir: C:\Users\GEETHA~1.MUD\AppDa...}, cssSelectorsEnabled: true, databaseEnabled: false, goog:chromeOptions: {debuggerAddress: localhost:50112}, handlesAlerts: true, hasTouchScreen: false, javascriptEnabled: true, locationContextEnabled: true, mobileEmulationEnabled: false, nativeEvents: true, networkConnectionEnabled: false, pageLoadStrategy: normal, platform: XP, platformName: XP, proxy: Proxy(), rotatable: false, setWindowRect: true, strictFileInteractability: false, takesHeapSnapshot: true, takesScreenshot: true, timeouts: {implicit: 0, pageLoad: 300000, script: 30000}, unexpectedAlertBehaviour: ignore, unhandledPromptBehavior: ignore, version: 72.0.3626.121, webStorageEnabled: true}<br />Session ID: 8018e571b373fa682b18daae72c8e73a</td>
</tr>

<tr>
<td>39665</td>
<td title="main thread">main</td>
<td title="Level"><font color="#993300"><strong>ERROR</strong></font></td>
<td title="Test.TestController logger">Test.TestController</td>
<td>TestController.java:188</td>
<td title="Message">TestCase: TC01TestStep: TS06Keyword : ClickAndSelectSingleSelectDropdown<br />Screenshot_Path: C:\FunctionalTestAutomation\Screenshots\TC01TS06ClickAndSelectSingleSelectDropdown_25_03_2019_12_42_52.png</td>
</tr>

<tr>
<td>106875</td>
<td title="main thread">main</td>
<td title="Level"><font color="#993300"><strong>ERROR</strong></font></td>
<td title="TestBase.TestBaseClass logger">TestBase.TestBaseClass</td>
<td>Keywords.java:399</td>
<td title="Message">TestCase: TC02TestStep: TS06Keyword : ClickAndSelectSingleSelectDropdown<br />Error :unknown error: Element &lt;span title=&quot;&quot; class=&quot;k-widget k-dropdown k-header ng-pristine ng-untouched ng-valid ng-scope&quot; unselectable=&quot;on&quot; role=&quot;listbox&quot; aria-haspopup=&quot;true&quot; aria-expanded=&quot;false&quot; tabindex=&quot;0&quot; aria-owns=&quot;{{item.Id}}_listbox&quot; aria-disabled=&quot;false&quot; aria-readonly=&quot;false&quot; aria-busy=&quot;false&quot; aria-activedescendant=&quot;d022e356-16b9-4d3f-92de-784015bebeac&quot; style=&quot;width: 100%;&quot;&gt;...&lt;/span&gt; is not clickable at point (381, 453). Other element would receive the click: &lt;td title=&quot;...&quot;&gt;Andorra la Vella&lt;/td&gt;<br />  (Session info: chrome=72.0.3626.121)<br />  (Driver info: chromedriver=2.45.615291 (ec3682e3c9061c10f26ea9e5cdcf3c53f3f74387),platform=Windows NT 10.0.17134 x86_64) (WARNING: The server did not provide any stacktrace information)<br />Command duration or timeout: 0 milliseconds<br />Build info: version: '3.141.59', revision: 'e82be7d358', time: '2018-11-14T08:25:53'<br />System info: host: 'PP-IN-LAP-13', ip: '10.1.90.154', os.name: 'Windows 10', os.arch: 'x86', os.version: '10.0', java.version: '1.8.0_201'<br />Driver info: org.openqa.selenium.chrome.ChromeDriver<br />Capabilities {acceptInsecureCerts: false, acceptSslCerts: false, applicationCacheEnabled: false, browserConnectionEnabled: false, browserName: chrome, chrome: {chromedriverVersion: 2.45.615291 (ec3682e3c9061c..., userDataDir: C:\Users\GEETHA~1.MUD\AppDa...}, cssSelectorsEnabled: true, databaseEnabled: false, goog:chromeOptions: {debuggerAddress: localhost:50139}, handlesAlerts: true, hasTouchScreen: false, javascriptEnabled: true, locationContextEnabled: true, mobileEmulationEnabled: false, nativeEvents: true, networkConnectionEnabled: false, pageLoadStrategy: normal, platform: XP, platformName: XP, proxy: Proxy(), rotatable: false, setWindowRect: true, strictFileInteractability: false, takesHeapSnapshot: true, takesScreenshot: true, timeouts: {implicit: 0, pageLoad: 300000, script: 30000}, unexpectedAlertBehaviour: ignore, unhandledPromptBehavior: ignore, version: 72.0.3626.121, webStorageEnabled: true}<br />Session ID: 06c71583b7a6d82ec57f260d318a6a15</td>
</tr>

<tr>
<td>107285</td>
<td title="main thread">main</td>
<td title="Level"><font color="#993300"><strong>ERROR</strong></font></td>
<td title="Test.TestController logger">Test.TestController</td>
<td>TestController.java:188</td>
<td title="Message">TestCase: TC02TestStep: TS06Keyword : ClickAndSelectSingleSelectDropdown<br />Screenshot_Path: C:\FunctionalTestAutomation\Screenshots\TC02TS06ClickAndSelectSingleSelectDropdown_25_03_2019_12_43_59.png</td>
</tr>

<tr>
<td>40133</td>
<td title="main thread">main</td>
<td title="Level"><font color="#993300"><strong>ERROR</strong></font></td>
<td title="TestBase.TestBaseClass logger">TestBase.TestBaseClass</td>
<td>Keywords.java:399</td>
<td title="Message">TestCase: TC01TestStep: TS06Keyword : ClickAndSelectSingleSelectDropdown<br />Error :unknown error: Element &lt;span title=&quot;&quot; class=&quot;k-widget k-dropdown k-header ng-pristine ng-untouched ng-valid ng-scope&quot; unselectable=&quot;on&quot; role=&quot;listbox&quot; aria-haspopup=&quot;true&quot; aria-expanded=&quot;false&quot; tabindex=&quot;0&quot; aria-owns=&quot;{{item.Id}}_listbox&quot; aria-disabled=&quot;false&quot; aria-readonly=&quot;false&quot; aria-busy=&quot;false&quot; aria-activedescendant=&quot;b1dfb680-19ef-4594-a1d6-bfbdd9db4965&quot; style=&quot;width: 100%;&quot;&gt;...&lt;/span&gt; is not clickable at point (381, 453). Other element would receive the click: &lt;td title=&quot;...&quot;&gt;Andorra la Vella&lt;/td&gt;<br />  (Session info: chrome=72.0.3626.121)<br />  (Driver info: chromedriver=2.45.615291 (ec3682e3c9061c10f26ea9e5cdcf3c53f3f74387),platform=Windows NT 10.0.17134 x86_64) (WARNING: The server did not provide any stacktrace information)<br />Command duration or timeout: 0 milliseconds<br />Build info: version: '3.141.59', revision: 'e82be7d358', time: '2018-11-14T08:25:53'<br />System info: host: 'PP-IN-LAP-13', ip: '10.1.90.154', os.name: 'Windows 10', os.arch: 'x86', os.version: '10.0', java.version: '1.8.0_201'<br />Driver info: org.openqa.selenium.chrome.ChromeDriver<br />Capabilities {acceptInsecureCerts: false, acceptSslCerts: false, applicationCacheEnabled: false, browserConnectionEnabled: false, browserName: chrome, chrome: {chromedriverVersion: 2.45.615291 (ec3682e3c9061c..., userDataDir: C:\Users\GEETHA~1.MUD\AppDa...}, cssSelectorsEnabled: true, databaseEnabled: false, goog:chromeOptions: {debuggerAddress: localhost:50217}, handlesAlerts: true, hasTouchScreen: false, javascriptEnabled: true, locationContextEnabled: true, mobileEmulationEnabled: false, nativeEvents: true, networkConnectionEnabled: false, pageLoadStrategy: normal, platform: XP, platformName: XP, proxy: Proxy(), rotatable: false, setWindowRect: true, strictFileInteractability: false, takesHeapSnapshot: true, takesScreenshot: true, timeouts: {implicit: 0, pageLoad: 300000, script: 30000}, unexpectedAlertBehaviour: ignore, unhandledPromptBehavior: ignore, version: 72.0.3626.121, webStorageEnabled: true}<br />Session ID: 409be26f8ff12041b4f54bdffb5e9f38</td>
</tr>

<tr>
<td>40577</td>
<td title="main thread">main</td>
<td title="Level"><font color="#993300"><strong>ERROR</strong></font></td>
<td title="Test.TestController logger">Test.TestController</td>
<td>TestController.java:188</td>
<td title="Message">TestCase: TC01TestStep: TS06Keyword : ClickAndSelectSingleSelectDropdown<br />Screenshot_Path: C:\FunctionalTestAutomation\Screenshots\TC01TS06ClickAndSelectSingleSelectDropdown_25_03_2019_12_53_21.png</td>
</tr>

<tr>
<td>100990</td>
<td title="main thread">main</td>
<td title="Level"><font color="#993300"><strong>ERROR</strong></font></td>
<td title="TestBase.TestBaseClass logger">TestBase.TestBaseClass</td>
<td>Keywords.java:399</td>
<td title="Message">TestCase: TC02TestStep: TS06Keyword : ClickAndSelectSingleSelectDropdown<br />Error :unknown error: Element &lt;span title=&quot;&quot; class=&quot;k-widget k-dropdown k-header ng-pristine ng-untouched ng-valid ng-scope&quot; unselectable=&quot;on&quot; role=&quot;listbox&quot; aria-haspopup=&quot;true&quot; aria-expanded=&quot;false&quot; tabindex=&quot;0&quot; aria-owns=&quot;{{item.Id}}_listbox&quot; aria-disabled=&quot;false&quot; aria-readonly=&quot;false&quot; aria-busy=&quot;false&quot; aria-activedescendant=&quot;aa089a1d-4163-4f14-8ce4-0cb1f6fce6b7&quot; style=&quot;width: 100%;&quot;&gt;...&lt;/span&gt; is not clickable at point (381, 453). Other element would receive the click: &lt;td title=&quot;...&quot;&gt;Andorra la Vella&lt;/td&gt;<br />  (Session info: chrome=72.0.3626.121)<br />  (Driver info: chromedriver=2.45.615291 (ec3682e3c9061c10f26ea9e5cdcf3c53f3f74387),platform=Windows NT 10.0.17134 x86_64) (WARNING: The server did not provide any stacktrace information)<br />Command duration or timeout: 0 milliseconds<br />Build info: version: '3.141.59', revision: 'e82be7d358', time: '2018-11-14T08:25:53'<br />System info: host: 'PP-IN-LAP-13', ip: '10.1.90.154', os.name: 'Windows 10', os.arch: 'x86', os.version: '10.0', java.version: '1.8.0_201'<br />Driver info: org.openqa.selenium.chrome.ChromeDriver<br />Capabilities {acceptInsecureCerts: false, acceptSslCerts: false, applicationCacheEnabled: false, browserConnectionEnabled: false, browserName: chrome, chrome: {chromedriverVersion: 2.45.615291 (ec3682e3c9061c..., userDataDir: C:\Users\GEETHA~1.MUD\AppDa...}, cssSelectorsEnabled: true, databaseEnabled: false, goog:chromeOptions: {debuggerAddress: localhost:50246}, handlesAlerts: true, hasTouchScreen: false, javascriptEnabled: true, locationContextEnabled: true, mobileEmulationEnabled: false, nativeEvents: true, networkConnectionEnabled: false, pageLoadStrategy: normal, platform: XP, platformName: XP, proxy: Proxy(), rotatable: false, setWindowRect: true, strictFileInteractability: false, takesHeapSnapshot: true, takesScreenshot: true, timeouts: {implicit: 0, pageLoad: 300000, script: 30000}, unexpectedAlertBehaviour: ignore, unhandledPromptBehavior: ignore, version: 72.0.3626.121, webStorageEnabled: true}<br />Session ID: 0dbdde7d759fc7051e8007da94bec353</td>
</tr>

<tr>
<td>101391</td>
<td title="main thread">main</td>
<td title="Level"><font color="#993300"><strong>ERROR</strong></font></td>
<td title="Test.TestController logger">Test.TestController</td>
<td>TestController.java:188</td>
<td title="Message">TestCase: TC02TestStep: TS06Keyword : ClickAndSelectSingleSelectDropdown<br />Screenshot_Path: C:\FunctionalTestAutomation\Screenshots\TC02TS06ClickAndSelectSingleSelectDropdown_25_03_2019_12_54_22.png</td>
</tr>

<tr>
<td>40937</td>
<td title="main thread">main</td>
<td title="Level"><font color="#993300"><strong>ERROR</strong></font></td>
<td title="TestBase.TestBaseClass logger">TestBase.TestBaseClass</td>
<td>Keywords.java:399</td>
<td title="Message">TestCase: TC01TestStep: TS06Keyword : ClickAndSelectSingleSelectDropdown<br />Error :unknown error: Element &lt;span title=&quot;&quot; class=&quot;k-widget k-dropdown k-header ng-pristine ng-untouched ng-valid ng-scope&quot; unselectable=&quot;on&quot; role=&quot;listbox&quot; aria-haspopup=&quot;true&quot; aria-expanded=&quot;false&quot; tabindex=&quot;0&quot; aria-owns=&quot;{{item.Id}}_listbox&quot; aria-disabled=&quot;false&quot; aria-readonly=&quot;false&quot; aria-busy=&quot;false&quot; aria-activedescendant=&quot;155d83f3-abd3-4508-9364-ae972d8152af&quot; style=&quot;width: 100%;&quot;&gt;...&lt;/span&gt; is not clickable at point (381, 453). Other element would receive the click: &lt;td title=&quot;...&quot;&gt;Andorra la Vella&lt;/td&gt;<br />  (Session info: chrome=72.0.3626.121)<br />  (Driver info: chromedriver=2.45.615291 (ec3682e3c9061c10f26ea9e5cdcf3c53f3f74387),platform=Windows NT 10.0.17134 x86_64) (WARNING: The server did not provide any stacktrace information)<br />Command duration or timeout: 0 milliseconds<br />Build info: version: '3.141.59', revision: 'e82be7d358', time: '2018-11-14T08:25:53'<br />System info: host: 'PP-IN-LAP-13', ip: '10.1.90.154', os.name: 'Windows 10', os.arch: 'x86', os.version: '10.0', java.version: '1.8.0_201'<br />Driver info: org.openqa.selenium.chrome.ChromeDriver<br />Capabilities {acceptInsecureCerts: false, acceptSslCerts: false, applicationCacheEnabled: false, browserConnectionEnabled: false, browserName: chrome, chrome: {chromedriverVersion: 2.45.615291 (ec3682e3c9061c..., userDataDir: C:\Users\GEETHA~1.MUD\AppDa...}, cssSelectorsEnabled: true, databaseEnabled: false, goog:chromeOptions: {debuggerAddress: localhost:50294}, handlesAlerts: true, hasTouchScreen: false, javascriptEnabled: true, locationContextEnabled: true, mobileEmulationEnabled: false, nativeEvents: true, networkConnectionEnabled: false, pageLoadStrategy: normal, platform: XP, platformName: XP, proxy: Proxy(), rotatable: false, setWindowRect: true, strictFileInteractability: false, takesHeapSnapshot: true, takesScreenshot: true, timeouts: {implicit: 0, pageLoad: 300000, script: 30000}, unexpectedAlertBehaviour: ignore, unhandledPromptBehavior: ignore, version: 72.0.3626.121, webStorageEnabled: true}<br />Session ID: 17a815448d564cf5a89c14b1b8ba44f1</td>
</tr>

<tr>
<td>41409</td>
<td title="main thread">main</td>
<td title="Level"><font color="#993300"><strong>ERROR</strong></font></td>
<td title="Test.TestController logger">Test.TestController</td>
<td>TestController.java:188</td>
<td title="Message">TestCase: TC01TestStep: TS06Keyword : ClickAndSelectSingleSelectDropdown<br />Screenshot_Path: C:\FunctionalTestAutomation\Screenshots\TC01TS06ClickAndSelectSingleSelectDropdown_25_03_2019_12_57_05.png</td>
</tr>

<tr>
<td>108071</td>
<td title="main thread">main</td>
<td title="Level"><font color="#993300"><strong>ERROR</strong></font></td>
<td title="TestBase.TestBaseClass logger">TestBase.TestBaseClass</td>
<td>Keywords.java:399</td>
<td title="Message">TestCase: TC02TestStep: TS06Keyword : ClickAndSelectSingleSelectDropdown<br />Error :unknown error: Element &lt;span title=&quot;&quot; class=&quot;k-widget k-dropdown k-header ng-pristine ng-untouched ng-valid ng-scope&quot; unselectable=&quot;on&quot; role=&quot;listbox&quot; aria-haspopup=&quot;true&quot; aria-expanded=&quot;false&quot; tabindex=&quot;0&quot; aria-owns=&quot;{{item.Id}}_listbox&quot; aria-disabled=&quot;false&quot; aria-readonly=&quot;false&quot; aria-busy=&quot;false&quot; aria-activedescendant=&quot;79aec483-2d0a-43ae-a92f-38b8da46a9d2&quot; style=&quot;width: 100%;&quot;&gt;...&lt;/span&gt; is not clickable at point (381, 453). Other element would receive the click: &lt;td title=&quot;...&quot;&gt;Andorra la Vella&lt;/td&gt;<br />  (Session info: chrome=72.0.3626.121)<br />  (Driver info: chromedriver=2.45.615291 (ec3682e3c9061c10f26ea9e5cdcf3c53f3f74387),platform=Windows NT 10.0.17134 x86_64) (WARNING: The server did not provide any stacktrace information)<br />Command duration or timeout: 0 milliseconds<br />Build info: version: '3.141.59', revision: 'e82be7d358', time: '2018-11-14T08:25:53'<br />System info: host: 'PP-IN-LAP-13', ip: '10.1.90.154', os.name: 'Windows 10', os.arch: 'x86', os.version: '10.0', java.version: '1.8.0_201'<br />Driver info: org.openqa.selenium.chrome.ChromeDriver<br />Capabilities {acceptInsecureCerts: false, acceptSslCerts: false, applicationCacheEnabled: false, browserConnectionEnabled: false, browserName: chrome, chrome: {chromedriverVersion: 2.45.615291 (ec3682e3c9061c..., userDataDir: C:\Users\GEETHA~1.MUD\AppDa...}, cssSelectorsEnabled: true, databaseEnabled: false, goog:chromeOptions: {debuggerAddress: localhost:50317}, handlesAlerts: true, hasTouchScreen: false, javascriptEnabled: true, locationContextEnabled: true, mobileEmulationEnabled: false, nativeEvents: true, networkConnectionEnabled: false, pageLoadStrategy: normal, platform: XP, platformName: XP, proxy: Proxy(), rotatable: false, setWindowRect: true, strictFileInteractability: false, takesHeapSnapshot: true, takesScreenshot: true, timeouts: {implicit: 0, pageLoad: 300000, script: 30000}, unexpectedAlertBehaviour: ignore, unhandledPromptBehavior: ignore, version: 72.0.3626.121, webStorageEnabled: true}<br />Session ID: c936065e350fed942d6c5b6ca6d4592b</td>
</tr>

<tr>
<td>108433</td>
<td title="main thread">main</td>
<td title="Level"><font color="#993300"><strong>ERROR</strong></font></td>
<td title="Test.TestController logger">Test.TestController</td>
<td>TestController.java:188</td>
<td title="Message">TestCase: TC02TestStep: TS06Keyword : ClickAndSelectSingleSelectDropdown<br />Screenshot_Path: C:\FunctionalTestAutomation\Screenshots\TC02TS06ClickAndSelectSingleSelectDropdown_25_03_2019_12_58_12.png</td>
</tr>

<tr>
<td>35668</td>
<td title="main thread">main</td>
<td title="Level"><font color="#993300"><strong>ERROR</strong></font></td>
<td title="TestBase.TestBaseClass logger">TestBase.TestBaseClass</td>
<td>Keywords.java:399</td>
<td title="Message">TestCase: TC01TestStep: TS06Keyword : ClickAndSelectSingleSelectDropdown<br />Error :unknown error: Element &lt;span title=&quot;&quot; class=&quot;k-widget k-dropdown k-header ng-pristine ng-untouched ng-valid ng-scope&quot; unselectable=&quot;on&quot; role=&quot;listbox&quot; aria-haspopup=&quot;true&quot; aria-expanded=&quot;false&quot; tabindex=&quot;0&quot; aria-owns=&quot;{{item.Id}}_listbox&quot; aria-disabled=&quot;false&quot; aria-readonly=&quot;false&quot; aria-busy=&quot;false&quot; aria-activedescendant=&quot;02f3891f-3a9a-423d-a290-6d453eb1e0ce&quot; style=&quot;width: 100%;&quot;&gt;...&lt;/span&gt; is not clickable at point (381, 453). Other element would receive the click: &lt;td title=&quot;...&quot;&gt;Andorra la Vella&lt;/td&gt;<br />  (Session info: chrome=72.0.3626.121)<br />  (Driver info: chromedriver=2.45.615291 (ec3682e3c9061c10f26ea9e5cdcf3c53f3f74387),platform=Windows NT 10.0.17134 x86_64) (WARNING: The server did not provide any stacktrace information)<br />Command duration or timeout: 0 milliseconds<br />Build info: version: '3.141.59', revision: 'e82be7d358', time: '2018-11-14T08:25:53'<br />System info: host: 'PP-IN-LAP-13', ip: '10.1.90.154', os.name: 'Windows 10', os.arch: 'x86', os.version: '10.0', java.version: '1.8.0_201'<br />Driver info: org.openqa.selenium.chrome.ChromeDriver<br />Capabilities {acceptInsecureCerts: false, acceptSslCerts: false, applicationCacheEnabled: false, browserConnectionEnabled: false, browserName: chrome, chrome: {chromedriverVersion: 2.45.615291 (ec3682e3c9061c..., userDataDir: C:\Users\GEETHA~1.MUD\AppDa...}, cssSelectorsEnabled: true, databaseEnabled: false, goog:chromeOptions: {debuggerAddress: localhost:50355}, handlesAlerts: true, hasTouchScreen: false, javascriptEnabled: true, locationContextEnabled: true, mobileEmulationEnabled: false, nativeEvents: true, networkConnectionEnabled: false, pageLoadStrategy: normal, platform: XP, platformName: XP, proxy: Proxy(), rotatable: false, setWindowRect: true, strictFileInteractability: false, takesHeapSnapshot: true, takesScreenshot: true, timeouts: {implicit: 0, pageLoad: 300000, script: 30000}, unexpectedAlertBehaviour: ignore, unhandledPromptBehavior: ignore, version: 72.0.3626.121, webStorageEnabled: true}<br />Session ID: 6e12871972c03e0dccbe00e3e9adf22c</td>
</tr>

<tr>
<td>36122</td>
<td title="main thread">main</td>
<td title="Level"><font color="#993300"><strong>ERROR</strong></font></td>
<td title="Test.TestController logger">Test.TestController</td>
<td>TestController.java:188</td>
<td title="Message">TestCase: TC01TestStep: TS06Keyword : ClickAndSelectSingleSelectDropdown<br />Screenshot_Path: C:\FunctionalTestAutomation\Screenshots\TC01TS06ClickAndSelectSingleSelectDropdown_25_03_2019_01_01_18.png</td>
</tr>

<tr>
<td>97415</td>
<td title="main thread">main</td>
<td title="Level"><font color="#993300"><strong>ERROR</strong></font></td>
<td title="TestBase.TestBaseClass logger">TestBase.TestBaseClass</td>
<td>Keywords.java:399</td>
<td title="Message">TestCase: TC02TestStep: TS06Keyword : ClickAndSelectSingleSelectDropdown<br />Error :unknown error: Element &lt;span title=&quot;&quot; class=&quot;k-widget k-dropdown k-header ng-pristine ng-untouched ng-valid ng-scope&quot; unselectable=&quot;on&quot; role=&quot;listbox&quot; aria-haspopup=&quot;true&quot; aria-expanded=&quot;false&quot; tabindex=&quot;0&quot; aria-owns=&quot;{{item.Id}}_listbox&quot; aria-disabled=&quot;false&quot; aria-readonly=&quot;false&quot; aria-busy=&quot;false&quot; aria-activedescendant=&quot;5ef442a5-7c69-4481-bdfe-37ef070e7fed&quot; style=&quot;width: 100%;&quot;&gt;...&lt;/span&gt; is not clickable at point (381, 453). Other element would receive the click: &lt;td title=&quot;...&quot;&gt;Andorra la Vella&lt;/td&gt;<br />  (Session info: chrome=72.0.3626.121)<br />  (Driver info: chromedriver=2.45.615291 (ec3682e3c9061c10f26ea9e5cdcf3c53f3f74387),platform=Windows NT 10.0.17134 x86_64) (WARNING: The server did not provide any stacktrace information)<br />Command duration or timeout: 0 milliseconds<br />Build info: version: '3.141.59', revision: 'e82be7d358', time: '2018-11-14T08:25:53'<br />System info: host: 'PP-IN-LAP-13', ip: '10.1.90.154', os.name: 'Windows 10', os.arch: 'x86', os.version: '10.0', java.version: '1.8.0_201'<br />Driver info: org.openqa.selenium.chrome.ChromeDriver<br />Capabilities {acceptInsecureCerts: false, acceptSslCerts: false, applicationCacheEnabled: false, browserConnectionEnabled: false, browserName: chrome, chrome: {chromedriverVersion: 2.45.615291 (ec3682e3c9061c..., userDataDir: C:\Users\GEETHA~1.MUD\AppDa...}, cssSelectorsEnabled: true, databaseEnabled: false, goog:chromeOptions: {debuggerAddress: localhost:50378}, handlesAlerts: true, hasTouchScreen: false, javascriptEnabled: true, locationContextEnabled: true, mobileEmulationEnabled: false, nativeEvents: true, networkConnectionEnabled: false, pageLoadStrategy: normal, platform: XP, platformName: XP, proxy: Proxy(), rotatable: false, setWindowRect: true, strictFileInteractability: false, takesHeapSnapshot: true, takesScreenshot: true, timeouts: {implicit: 0, pageLoad: 300000, script: 30000}, unexpectedAlertBehaviour: ignore, unhandledPromptBehavior: ignore, version: 72.0.3626.121, webStorageEnabled: true}<br />Session ID: d8f0cb9046aae90539c213bf965918c1</td>
</tr>

<tr>
<td>97796</td>
<td title="main thread">main</td>
<td title="Level"><font color="#993300"><strong>ERROR</strong></font></td>
<td title="Test.TestController logger">Test.TestController</td>
<td>TestController.java:188</td>
<td title="Message">TestCase: TC02TestStep: TS06Keyword : ClickAndSelectSingleSelectDropdown<br />Screenshot_Path: C:\FunctionalTestAutomation\Screenshots\TC02TS06ClickAndSelectSingleSelectDropdown_25_03_2019_01_02_20.png</td>
</tr>

<tr>
<td>38227</td>
<td title="main thread">main</td>
<td title="Level"><font color="#993300"><strong>ERROR</strong></font></td>
<td title="TestBase.TestBaseClass logger">TestBase.TestBaseClass</td>
<td>Keywords.java:399</td>
<td title="Message">TestCase: TC01TestStep: TS06Keyword : ClickAndSelectSingleSelectDropdown<br />Error :unknown error: Element &lt;span title=&quot;&quot; class=&quot;k-widget k-dropdown k-header ng-pristine ng-untouched ng-valid ng-scope&quot; unselectable=&quot;on&quot; role=&quot;listbox&quot; aria-haspopup=&quot;true&quot; aria-expanded=&quot;false&quot; tabindex=&quot;0&quot; aria-owns=&quot;{{item.Id}}_listbox&quot; aria-disabled=&quot;false&quot; aria-readonly=&quot;false&quot; aria-busy=&quot;false&quot; aria-activedescendant=&quot;ed1ce7b1-4acc-487b-ae36-66124469ce7e&quot; style=&quot;width: 100%;&quot;&gt;...&lt;/span&gt; is not clickable at point (381, 453). Other element would receive the click: &lt;td title=&quot;...&quot;&gt;Andorra la Vella&lt;/td&gt;<br />  (Session info: chrome=72.0.3626.121)<br />  (Driver info: chromedriver=2.45.615291 (ec3682e3c9061c10f26ea9e5cdcf3c53f3f74387),platform=Windows NT 10.0.17134 x86_64) (WARNING: The server did not provide any stacktrace information)<br />Command duration or timeout: 0 milliseconds<br />Build info: version: '3.141.59', revision: 'e82be7d358', time: '2018-11-14T08:25:53'<br />System info: host: 'PP-IN-LAP-13', ip: '10.1.90.154', os.name: 'Windows 10', os.arch: 'x86', os.version: '10.0', java.version: '1.8.0_201'<br />Driver info: org.openqa.selenium.chrome.ChromeDriver<br />Capabilities {acceptInsecureCerts: false, acceptSslCerts: false, applicationCacheEnabled: false, browserConnectionEnabled: false, browserName: chrome, chrome: {chromedriverVersion: 2.45.615291 (ec3682e3c9061c..., userDataDir: C:\Users\GEETHA~1.MUD\AppDa...}, cssSelectorsEnabled: true, databaseEnabled: false, goog:chromeOptions: {debuggerAddress: localhost:50623}, handlesAlerts: true, hasTouchScreen: false, javascriptEnabled: true, locationContextEnabled: true, mobileEmulationEnabled: false, nativeEvents: true, networkConnectionEnabled: false, pageLoadStrategy: normal, platform: XP, platformName: XP, proxy: Proxy(), rotatable: false, setWindowRect: true, strictFileInteractability: false, takesHeapSnapshot: true, takesScreenshot: true, timeouts: {implicit: 0, pageLoad: 300000, script: 30000}, unexpectedAlertBehaviour: ignore, unhandledPromptBehavior: ignore, version: 72.0.3626.121, webStorageEnabled: true}<br />Session ID: ba5fcc02ed0d9aca1d11821e8c40e94a</td>
</tr>

<tr>
<td>38744</td>
<td title="main thread">main</td>
<td title="Level"><font color="#993300"><strong>ERROR</strong></font></td>
<td title="Test.TestController logger">Test.TestController</td>
<td>TestController.java:188</td>
<td title="Message">TestCase: TC01TestStep: TS06Keyword : ClickAndSelectSingleSelectDropdown<br />Screenshot_Path: C:\FunctionalTestAutomation\Screenshots\TC01TS06ClickAndSelectSingleSelectDropdown_25_03_2019_02_01_04.png</td>
</tr>

<tr>
<td>38354</td>
<td title="main thread">main</td>
<td title="Level"><font color="#993300"><strong>ERROR</strong></font></td>
<td title="TestBase.TestBaseClass logger">TestBase.TestBaseClass</td>
<td>Keywords.java:399</td>
<td title="Message">TestCase: TC01TestStep: TS06Keyword : ClickAndSelectSingleSelectDropdown<br />Error :unknown error: Element &lt;span title=&quot;&quot; class=&quot;k-widget k-dropdown k-header ng-pristine ng-untouched ng-valid ng-scope&quot; unselectable=&quot;on&quot; role=&quot;listbox&quot; aria-haspopup=&quot;true&quot; aria-expanded=&quot;false&quot; tabindex=&quot;0&quot; aria-owns=&quot;{{item.Id}}_listbox&quot; aria-disabled=&quot;false&quot; aria-readonly=&quot;false&quot; aria-busy=&quot;false&quot; aria-activedescendant=&quot;2f1e07a8-b355-4aa7-8f88-b010a3e245ee&quot; style=&quot;width: 100%;&quot;&gt;...&lt;/span&gt; is not clickable at point (381, 453). Other element would receive the click: &lt;td title=&quot;...&quot;&gt;Andorra la Vella&lt;/td&gt;<br />  (Session info: chrome=72.0.3626.121)<br />  (Driver info: chromedriver=2.45.615291 (ec3682e3c9061c10f26ea9e5cdcf3c53f3f74387),platform=Windows NT 10.0.17134 x86_64) (WARNING: The server did not provide any stacktrace information)<br />Command duration or timeout: 0 milliseconds<br />Build info: version: '3.141.59', revision: 'e82be7d358', time: '2018-11-14T08:25:53'<br />System info: host: 'PP-IN-LAP-13', ip: '10.1.90.154', os.name: 'Windows 10', os.arch: 'x86', os.version: '10.0', java.version: '1.8.0_201'<br />Driver info: org.openqa.selenium.chrome.ChromeDriver<br />Capabilities {acceptInsecureCerts: false, acceptSslCerts: false, applicationCacheEnabled: false, browserConnectionEnabled: false, browserName: chrome, chrome: {chromedriverVersion: 2.45.615291 (ec3682e3c9061c..., userDataDir: C:\Users\GEETHA~1.MUD\AppDa...}, cssSelectorsEnabled: true, databaseEnabled: false, goog:chromeOptions: {debuggerAddress: localhost:50669}, handlesAlerts: true, hasTouchScreen: false, javascriptEnabled: true, locationContextEnabled: true, mobileEmulationEnabled: false, nativeEvents: true, networkConnectionEnabled: false, pageLoadStrategy: normal, platform: XP, platformName: XP, proxy: Proxy(), rotatable: false, setWindowRect: true, strictFileInteractability: false, takesHeapSnapshot: true, takesScreenshot: true, timeouts: {implicit: 0, pageLoad: 300000, script: 30000}, unexpectedAlertBehaviour: ignore, unhandledPromptBehavior: ignore, version: 72.0.3626.121, webStorageEnabled: true}<br />Session ID: 9d60c1c7e339566e9ea33f09b14b9693</td>
</tr>

<tr>
<td>38726</td>
<td title="main thread">main</td>
<td title="Level"><font color="#993300"><strong>ERROR</strong></font></td>
<td title="Test.TestController logger">Test.TestController</td>
<td>TestController.java:188</td>
<td title="Message">TestCase: TC01TestStep: TS06Keyword : ClickAndSelectSingleSelectDropdown<br />Screenshot_Path: C:\FunctionalTestAutomation\Screenshots\TC01TS06ClickAndSelectSingleSelectDropdown_25_03_2019_02_02_06.png</td>
</tr>

<tr>
<td>35696</td>
<td title="main thread">main</td>
<td title="Level"><font color="#993300"><strong>ERROR</strong></font></td>
<td title="TestBase.TestBaseClass logger">TestBase.TestBaseClass</td>
<td>Keywords.java:399</td>
<td title="Message">TestCase: TC01TestStep: TS06Keyword : ClickAndSelectSingleSelectDropdown<br />Error :unknown error: Element &lt;span title=&quot;&quot; class=&quot;k-widget k-dropdown k-header ng-pristine ng-untouched ng-valid ng-scope&quot; unselectable=&quot;on&quot; role=&quot;listbox&quot; aria-haspopup=&quot;true&quot; aria-expanded=&quot;false&quot; tabindex=&quot;0&quot; aria-owns=&quot;{{item.Id}}_listbox&quot; aria-disabled=&quot;false&quot; aria-readonly=&quot;false&quot; aria-busy=&quot;false&quot; aria-activedescendant=&quot;32579782-e8be-4fd6-a237-a5bfad82f05b&quot; style=&quot;width: 100%;&quot;&gt;...&lt;/span&gt; is not clickable at point (381, 453). Other element would receive the click: &lt;td title=&quot;...&quot;&gt;Andorra la Vella&lt;/td&gt;<br />  (Session info: chrome=72.0.3626.121)<br />  (Driver info: chromedriver=2.45.615291 (ec3682e3c9061c10f26ea9e5cdcf3c53f3f74387),platform=Windows NT 10.0.17134 x86_64) (WARNING: The server did not provide any stacktrace information)<br />Command duration or timeout: 0 milliseconds<br />Build info: version: '3.141.59', revision: 'e82be7d358', time: '2018-11-14T08:25:53'<br />System info: host: 'PP-IN-LAP-13', ip: '10.1.90.154', os.name: 'Windows 10', os.arch: 'x86', os.version: '10.0', java.version: '1.8.0_201'<br />Driver info: org.openqa.selenium.chrome.ChromeDriver<br />Capabilities {acceptInsecureCerts: false, acceptSslCerts: false, applicationCacheEnabled: false, browserConnectionEnabled: false, browserName: chrome, chrome: {chromedriverVersion: 2.45.615291 (ec3682e3c9061c..., userDataDir: C:\Users\GEETHA~1.MUD\AppDa...}, cssSelectorsEnabled: true, databaseEnabled: false, goog:chromeOptions: {debuggerAddress: localhost:50705}, handlesAlerts: true, hasTouchScreen: false, javascriptEnabled: true, locationContextEnabled: true, mobileEmulationEnabled: false, nativeEvents: true, networkConnectionEnabled: false, pageLoadStrategy: normal, platform: XP, platformName: XP, proxy: Proxy(), rotatable: false, setWindowRect: true, strictFileInteractability: false, takesHeapSnapshot: true, takesScreenshot: true, timeouts: {implicit: 0, pageLoad: 300000, script: 30000}, unexpectedAlertBehaviour: ignore, unhandledPromptBehavior: ignore, version: 72.0.3626.121, webStorageEnabled: true}<br />Session ID: 309522153bde6982268271e44571962c</td>
</tr>

<tr>
<td>36106</td>
<td title="main thread">main</td>
<td title="Level"><font color="#993300"><strong>ERROR</strong></font></td>
<td title="Test.TestController logger">Test.TestController</td>
<td>TestController.java:188</td>
<td title="Message">TestCase: TC01TestStep: TS06Keyword : ClickAndSelectSingleSelectDropdown<br />Screenshot_Path: C:\FunctionalTestAutomation\Screenshots\TC01TS06ClickAndSelectSingleSelectDropdown_25_03_2019_02_06_14.png</td>
</tr>

<tr>
<td>38100</td>
<td title="main thread">main</td>
<td title="Level"><font color="#993300"><strong>ERROR</strong></font></td>
<td title="TestBase.TestBaseClass logger">TestBase.TestBaseClass</td>
<td>Keywords.java:399</td>
<td title="Message">TestCase: TC01TestStep: TS06Keyword : ClickAndSelectSingleSelectDropdown<br />Error :unknown error: Element &lt;span title=&quot;&quot; class=&quot;k-widget k-dropdown k-header ng-pristine ng-untouched ng-valid ng-scope&quot; unselectable=&quot;on&quot; role=&quot;listbox&quot; aria-haspopup=&quot;true&quot; aria-expanded=&quot;false&quot; tabindex=&quot;0&quot; aria-owns=&quot;{{item.Id}}_listbox&quot; aria-disabled=&quot;false&quot; aria-readonly=&quot;false&quot; aria-busy=&quot;false&quot; aria-activedescendant=&quot;8cad7488-9deb-47bd-984a-220b1ce83c88&quot; style=&quot;width: 100%;&quot;&gt;...&lt;/span&gt; is not clickable at point (381, 453). Other element would receive the click: &lt;td title=&quot;...&quot;&gt;Andorra la Vella&lt;/td&gt;<br />  (Session info: chrome=72.0.3626.121)<br />  (Driver info: chromedriver=2.45.615291 (ec3682e3c9061c10f26ea9e5cdcf3c53f3f74387),platform=Windows NT 10.0.17134 x86_64) (WARNING: The server did not provide any stacktrace information)<br />Command duration or timeout: 0 milliseconds<br />Build info: version: '3.141.59', revision: 'e82be7d358', time: '2018-11-14T08:25:53'<br />System info: host: 'PP-IN-LAP-13', ip: '10.1.90.154', os.name: 'Windows 10', os.arch: 'x86', os.version: '10.0', java.version: '1.8.0_201'<br />Driver info: org.openqa.selenium.chrome.ChromeDriver<br />Capabilities {acceptInsecureCerts: false, acceptSslCerts: false, applicationCacheEnabled: false, browserConnectionEnabled: false, browserName: chrome, chrome: {chromedriverVersion: 2.45.615291 (ec3682e3c9061c..., userDataDir: C:\Users\GEETHA~1.MUD\AppDa...}, cssSelectorsEnabled: true, databaseEnabled: false, goog:chromeOptions: {debuggerAddress: localhost:50739}, handlesAlerts: true, hasTouchScreen: false, javascriptEnabled: true, locationContextEnabled: true, mobileEmulationEnabled: false, nativeEvents: true, networkConnectionEnabled: false, pageLoadStrategy: normal, platform: XP, platformName: XP, proxy: Proxy(), rotatable: false, setWindowRect: true, strictFileInteractability: false, takesHeapSnapshot: true, takesScreenshot: true, timeouts: {implicit: 0, pageLoad: 300000, script: 30000}, unexpectedAlertBehaviour: ignore, unhandledPromptBehavior: ignore, version: 72.0.3626.121, webStorageEnabled: true}<br />Session ID: 247d319e1db97833e856c454b3e60106</td>
</tr>

<tr>
<td>38552</td>
<td title="main thread">main</td>
<td title="Level"><font color="#993300"><strong>ERROR</strong></font></td>
<td title="Test.TestController logger">Test.TestController</td>
<td>TestController.java:188</td>
<td title="Message">TestCase: TC01TestStep: TS06Keyword : ClickAndSelectSingleSelectDropdown<br />Screenshot_Path: C:\FunctionalTestAutomation\Screenshots\TC01TS06ClickAndSelectSingleSelectDropdown_25_03_2019_02_09_49.png</td>
</tr>

<tr>
<td>99224</td>
<td title="main thread">main</td>
<td title="Level"><font color="#993300"><strong>ERROR</strong></font></td>
<td title="TestBase.TestBaseClass logger">TestBase.TestBaseClass</td>
<td>Keywords.java:399</td>
<td title="Message">TestCase: TC02TestStep: TS06Keyword : ClickAndSelectSingleSelectDropdown<br />Error :unknown error: Element &lt;span title=&quot;&quot; class=&quot;k-widget k-dropdown k-header ng-pristine ng-untouched ng-valid ng-scope&quot; unselectable=&quot;on&quot; role=&quot;listbox&quot; aria-haspopup=&quot;true&quot; aria-expanded=&quot;false&quot; tabindex=&quot;0&quot; aria-owns=&quot;{{item.Id}}_listbox&quot; aria-disabled=&quot;false&quot; aria-readonly=&quot;false&quot; aria-busy=&quot;false&quot; aria-activedescendant=&quot;9e39f08e-52eb-440a-9ef9-d096241d744c&quot; style=&quot;width: 100%;&quot;&gt;...&lt;/span&gt; is not clickable at point (381, 453). Other element would receive the click: &lt;td title=&quot;...&quot;&gt;Andorra la Vella&lt;/td&gt;<br />  (Session info: chrome=72.0.3626.121)<br />  (Driver info: chromedriver=2.45.615291 (ec3682e3c9061c10f26ea9e5cdcf3c53f3f74387),platform=Windows NT 10.0.17134 x86_64) (WARNING: The server did not provide any stacktrace information)<br />Command duration or timeout: 0 milliseconds<br />Build info: version: '3.141.59', revision: 'e82be7d358', time: '2018-11-14T08:25:53'<br />System info: host: 'PP-IN-LAP-13', ip: '10.1.90.154', os.name: 'Windows 10', os.arch: 'x86', os.version: '10.0', java.version: '1.8.0_201'<br />Driver info: org.openqa.selenium.chrome.ChromeDriver<br />Capabilities {acceptInsecureCerts: false, acceptSslCerts: false, applicationCacheEnabled: false, browserConnectionEnabled: false, browserName: chrome, chrome: {chromedriverVersion: 2.45.615291 (ec3682e3c9061c..., userDataDir: C:\Users\GEETHA~1.MUD\AppDa...}, cssSelectorsEnabled: true, databaseEnabled: false, goog:chromeOptions: {debuggerAddress: localhost:50765}, handlesAlerts: true, hasTouchScreen: false, javascriptEnabled: true, locationContextEnabled: true, mobileEmulationEnabled: false, nativeEvents: true, networkConnectionEnabled: false, pageLoadStrategy: normal, platform: XP, platformName: XP, proxy: Proxy(), rotatable: false, setWindowRect: true, strictFileInteractability: false, takesHeapSnapshot: true, takesScreenshot: true, timeouts: {implicit: 0, pageLoad: 300000, script: 30000}, unexpectedAlertBehaviour: ignore, unhandledPromptBehavior: ignore, version: 72.0.3626.121, webStorageEnabled: true}<br />Session ID: da79e9ff123606298b6d3c1161446921</td>
</tr>

<tr>
<td>99559</td>
<td title="main thread">main</td>
<td title="Level"><font color="#993300"><strong>ERROR</strong></font></td>
<td title="Test.TestController logger">Test.TestController</td>
<td>TestController.java:188</td>
<td title="Message">TestCase: TC02TestStep: TS06Keyword : ClickAndSelectSingleSelectDropdown<br />Screenshot_Path: C:\FunctionalTestAutomation\Screenshots\TC02TS06ClickAndSelectSingleSelectDropdown_25_03_2019_02_10_50.png</td>
</tr>

<tr>
<td>74772</td>
<td title="main thread">main</td>
<td title="Level"><font color="#993300"><strong>ERROR</strong></font></td>
<td title="TestBase.TestBaseClass logger">TestBase.TestBaseClass</td>
<td>Keywords.java:2372</td>
<td title="Message">TestCase: TC01TestStep: TS13Keyword : Identify_PartNumber<br />Error :chrome not reachable<br />  (Session info: chrome=72.0.3626.121)<br />  (Driver info: chromedriver=2.45.615291 (ec3682e3c9061c10f26ea9e5cdcf3c53f3f74387),platform=Windows NT 10.0.17134 x86_64) (WARNING: The server did not provide any stacktrace information)<br />Command duration or timeout: 0 milliseconds<br />Build info: version: '3.141.59', revision: 'e82be7d358', time: '2018-11-14T08:25:53'<br />System info: host: 'PP-IN-LAP-13', ip: '10.1.90.154', os.name: 'Windows 10', os.arch: 'x86', os.version: '10.0', java.version: '1.8.0_201'<br />Driver info: org.openqa.selenium.chrome.ChromeDriver<br />Capabilities {acceptInsecureCerts: false, acceptSslCerts: false, applicationCacheEnabled: false, browserConnectionEnabled: false, browserName: chrome, chrome: {chromedriverVersion: 2.45.615291 (ec3682e3c9061c..., userDataDir: C:\Users\GEETHA~1.MUD\AppDa...}, cssSelectorsEnabled: true, databaseEnabled: false, goog:chromeOptions: {debuggerAddress: localhost:50914}, handlesAlerts: true, hasTouchScreen: false, javascriptEnabled: true, locationContextEnabled: true, mobileEmulationEnabled: false, nativeEvents: true, networkConnectionEnabled: false, pageLoadStrategy: normal, platform: XP, platformName: XP, proxy: Proxy(), rotatable: false, setWindowRect: true, strictFileInteractability: false, takesHeapSnapshot: true, takesScreenshot: true, timeouts: {implicit: 0, pageLoad: 300000, script: 30000}, unexpectedAlertBehaviour: ignore, unhandledPromptBehavior: ignore, version: 72.0.3626.121, webStorageEnabled: true}<br />Session ID: a89ce1a881ef6031ac3d37931f8aa333<br />*** Element info: {Using=xpath, value=//*[.='PartNumber']}</td>
</tr>

<tr>
<td>233255</td>
<td title="main thread">main</td>
<td title="Level"><font color="#993300"><strong>ERROR</strong></font></td>
<td title="TestBase.TestBaseClass logger">TestBase.TestBaseClass</td>
<td>Keywords.java:149</td>
<td title="Message">TestCase: TC02TestStep: TS16Keyword : TextBox<br />Error :Cannot locate an element using xpath=//input[@name='GLAMS Component Name']<br />For documentation on this error, please visit: https://www.seleniumhq.org/exceptions/no_such_element.html<br />Build info: version: '3.141.59', revision: 'e82be7d358', time: '2018-11-14T08:25:53'<br />System info: host: 'PP-IN-LAP-13', ip: '10.1.90.154', os.name: 'Windows 10', os.arch: 'x86', os.version: '10.0', java.version: '1.8.0_201'<br />Driver info: driver.version: RemoteWebDriver</td>
</tr>

<tr>
<td>234404</td>
<td title="main thread">main</td>
<td title="Level"><font color="#993300"><strong>ERROR</strong></font></td>
<td title="TestBase.TestBaseClass logger">TestBase.TestBaseClass</td>
<td>Keywords.java:149</td>
<td title="Message">TestCase: TC02TestStep: TS16Keyword : TextBox<br />Error :no such element: Unable to locate element: {&quot;method&quot;:&quot;xpath&quot;,&quot;selector&quot;:&quot;//input[@name='GLAMS Component Name']&quot;}<br />  (Session info: chrome=72.0.3626.121)<br />  (Driver info: chromedriver=2.45.615291 (ec3682e3c9061c10f26ea9e5cdcf3c53f3f74387),platform=Windows NT 10.0.17134 x86_64) (WARNING: The server did not provide any stacktrace information)<br />Command duration or timeout: 0 milliseconds<br />For documentation on this error, please visit: https://www.seleniumhq.org/exceptions/no_such_element.html<br />Build info: version: '3.141.59', revision: 'e82be7d358', time: '2018-11-14T08:25:53'<br />System info: host: 'PP-IN-LAP-13', ip: '10.1.90.154', os.name: 'Windows 10', os.arch: 'x86', os.version: '10.0', java.version: '1.8.0_201'<br />Driver info: org.openqa.selenium.chrome.ChromeDriver<br />Capabilities {acceptInsecureCerts: false, acceptSslCerts: false, applicationCacheEnabled: false, browserConnectionEnabled: false, browserName: chrome, chrome: {chromedriverVersion: 2.45.615291 (ec3682e3c9061c..., userDataDir: C:\Users\GEETHA~1.MUD\AppDa...}, cssSelectorsEnabled: true, databaseEnabled: false, goog:chromeOptions: {debuggerAddress: localhost:51092}, handlesAlerts: true, hasTouchScreen: false, javascriptEnabled: true, locationContextEnabled: true, mobileEmulationEnabled: false, nativeEvents: true, networkConnectionEnabled: false, pageLoadStrategy: normal, platform: XP, platformName: XP, proxy: Proxy(), rotatable: false, setWindowRect: true, strictFileInteractability: false, takesHeapSnapshot: true, takesScreenshot: true, timeouts: {implicit: 0, pageLoad: 300000, script: 30000}, unexpectedAlertBehaviour: ignore, unhandledPromptBehavior: ignore, version: 72.0.3626.121, webStorageEnabled: true}<br />Session ID: f77c104573faa0de6c9619931d405ed6<br />*** Element info: {Using=xpath, value=//input[@name='GLAMS Component Name']}</td>
</tr>

<tr>
<td>234866</td>
<td title="main thread">main</td>
<td title="Level"><font color="#993300"><strong>ERROR</strong></font></td>
<td title="Test.TestController logger">Test.TestController</td>
<td>TestController.java:188</td>
<td title="Message">TestCase: TC02TestStep: TS16Keyword : TextBox<br />Screenshot_Path: C:\FunctionalTestAutomation\Screenshots\TC02TS16TextBox_25_03_2019_02_36_59.png</td>
</tr>

<tr>
<td>207688</td>
<td title="main thread">main</td>
<td title="Level"><font color="#993300"><strong>ERROR</strong></font></td>
<td title="TestBase.TestBaseClass logger">TestBase.TestBaseClass</td>
<td>Keywords.java:423</td>
<td title="Message">TestCase: TC02TestStep: TS08Keyword : ClickAndSelectMultiselectDropdown<br />Error :element not interactable<br />  (Session info: chrome=72.0.3626.121)<br />  (Driver info: chromedriver=2.45.615291 (ec3682e3c9061c10f26ea9e5cdcf3c53f3f74387),platform=Windows NT 10.0.17134 x86_64) (WARNING: The server did not provide any stacktrace information)<br />Command duration or timeout: 0 milliseconds<br />Build info: version: '3.141.59', revision: 'e82be7d358', time: '2018-11-14T08:25:53'<br />System info: host: 'PP-IN-LAP-13', ip: '10.1.90.154', os.name: 'Windows 10', os.arch: 'x86', os.version: '10.0', java.version: '1.8.0_201'<br />Driver info: org.openqa.selenium.chrome.ChromeDriver<br />Capabilities {acceptInsecureCerts: false, acceptSslCerts: false, applicationCacheEnabled: false, browserConnectionEnabled: false, browserName: chrome, chrome: {chromedriverVersion: 2.45.615291 (ec3682e3c9061c..., userDataDir: C:\Users\GEETHA~1.MUD\AppDa...}, cssSelectorsEnabled: true, databaseEnabled: false, goog:chromeOptions: {debuggerAddress: localhost:51215}, handlesAlerts: true, hasTouchScreen: false, javascriptEnabled: true, locationContextEnabled: true, mobileEmulationEnabled: false, nativeEvents: true, networkConnectionEnabled: false, pageLoadStrategy: normal, platform: XP, platformName: XP, proxy: Proxy(), rotatable: false, setWindowRect: true, strictFileInteractability: false, takesHeapSnapshot: true, takesScreenshot: true, timeouts: {implicit: 0, pageLoad: 300000, script: 30000}, unexpectedAlertBehaviour: ignore, unhandledPromptBehavior: ignore, version: 72.0.3626.121, webStorageEnabled: true}<br />Session ID: 4e75c9b8425adf5f94d57adf8a3c5ede</td>
</tr>

<tr>
<td>208200</td>
<td title="main thread">main</td>
<td title="Level"><font color="#993300"><strong>ERROR</strong></font></td>
<td title="Test.TestController logger">Test.TestController</td>
<td>TestController.java:188</td>
<td title="Message">TestCase: TC02TestStep: TS08Keyword : ClickAndSelectMultiselectDropdown<br />Screenshot_Path: C:\FunctionalTestAutomation\Screenshots\TC02TS08ClickAndSelectMultiselectDropdown_25_03_2019_02_48_52.png</td>
</tr>

<tr>
<td>234014</td>
<td title="main thread">main</td>
<td title="Level"><font color="#993300"><strong>ERROR</strong></font></td>
<td title="TestBase.TestBaseClass logger">TestBase.TestBaseClass</td>
<td>Keywords.java:149</td>
<td title="Message">TestCase: TC02TestStep: TS16Keyword : TextBox<br />Error :no such element: Unable to locate element: {&quot;method&quot;:&quot;xpath&quot;,&quot;selector&quot;:&quot;//input[@name='GLAMS Component Name']&quot;}<br />  (Session info: chrome=72.0.3626.121)<br />  (Driver info: chromedriver=2.45.615291 (ec3682e3c9061c10f26ea9e5cdcf3c53f3f74387),platform=Windows NT 10.0.17134 x86_64) (WARNING: The server did not provide any stacktrace information)<br />Command duration or timeout: 0 milliseconds<br />For documentation on this error, please visit: https://www.seleniumhq.org/exceptions/no_such_element.html<br />Build info: version: '3.141.59', revision: 'e82be7d358', time: '2018-11-14T08:25:53'<br />System info: host: 'PP-IN-LAP-13', ip: '10.1.90.154', os.name: 'Windows 10', os.arch: 'x86', os.version: '10.0', java.version: '1.8.0_201'<br />Driver info: org.openqa.selenium.chrome.ChromeDriver<br />Capabilities {acceptInsecureCerts: false, acceptSslCerts: false, applicationCacheEnabled: false, browserConnectionEnabled: false, browserName: chrome, chrome: {chromedriverVersion: 2.45.615291 (ec3682e3c9061c..., userDataDir: C:\Users\GEETHA~1.MUD\AppDa...}, cssSelectorsEnabled: true, databaseEnabled: false, goog:chromeOptions: {debuggerAddress: localhost:51594}, handlesAlerts: true, hasTouchScreen: false, javascriptEnabled: true, locationContextEnabled: true, mobileEmulationEnabled: false, nativeEvents: true, networkConnectionEnabled: false, pageLoadStrategy: normal, platform: XP, platformName: XP, proxy: Proxy(), rotatable: false, setWindowRect: true, strictFileInteractability: false, takesHeapSnapshot: true, takesScreenshot: true, timeouts: {implicit: 0, pageLoad: 300000, script: 30000}, unexpectedAlertBehaviour: ignore, unhandledPromptBehavior: ignore, version: 72.0.3626.121, webStorageEnabled: true}<br />Session ID: ad4246d03e49042b7351cd6e7e1388ae<br />*** Element info: {Using=xpath, value=//input[@name='GLAMS Component Name']}</td>
</tr>

<tr>
<td>234431</td>
<td title="main thread">main</td>
<td title="Level"><font color="#993300"><strong>ERROR</strong></font></td>
<td title="Test.TestController logger">Test.TestController</td>
<td>TestController.java:188</td>
<td title="Message">TestCase: TC02TestStep: TS16Keyword : TextBox<br />Screenshot_Path: C:\FunctionalTestAutomation\Screenshots\TC02TS16TextBox_25_03_2019_03_31_39.png</td>
</tr>

<tr>
<td>242476</td>
<td title="main thread">main</td>
<td title="Level"><font color="#993300"><strong>ERROR</strong></font></td>
<td title="TestBase.TestBaseClass logger">TestBase.TestBaseClass</td>
<td>Keywords.java:149</td>
<td title="Message">TestCase: TC02TestStep: TS16Keyword : TextBox<br />Error :no such element: Unable to locate element: {&quot;method&quot;:&quot;xpath&quot;,&quot;selector&quot;:&quot;//input[@name='GLAMS Component Name']&quot;}<br />  (Session info: chrome=72.0.3626.121)<br />  (Driver info: chromedriver=2.45.615291 (ec3682e3c9061c10f26ea9e5cdcf3c53f3f74387),platform=Windows NT 10.0.17134 x86_64) (WARNING: The server did not provide any stacktrace information)<br />Command duration or timeout: 0 milliseconds<br />For documentation on this error, please visit: https://www.seleniumhq.org/exceptions/no_such_element.html<br />Build info: version: '3.141.59', revision: 'e82be7d358', time: '2018-11-14T08:25:53'<br />System info: host: 'PP-IN-LAP-13', ip: '10.1.90.154', os.name: 'Windows 10', os.arch: 'x86', os.version: '10.0', java.version: '1.8.0_201'<br />Driver info: org.openqa.selenium.chrome.ChromeDriver<br />Capabilities {acceptInsecureCerts: false, acceptSslCerts: false, applicationCacheEnabled: false, browserConnectionEnabled: false, browserName: chrome, chrome: {chromedriverVersion: 2.45.615291 (ec3682e3c9061c..., userDataDir: C:\Users\GEETHA~1.MUD\AppDa...}, cssSelectorsEnabled: true, databaseEnabled: false, goog:chromeOptions: {debuggerAddress: localhost:51675}, handlesAlerts: true, hasTouchScreen: false, javascriptEnabled: true, locationContextEnabled: true, mobileEmulationEnabled: false, nativeEvents: true, networkConnectionEnabled: false, pageLoadStrategy: normal, platform: XP, platformName: XP, proxy: Proxy(), rotatable: false, setWindowRect: true, strictFileInteractability: false, takesHeapSnapshot: true, takesScreenshot: true, timeouts: {implicit: 0, pageLoad: 300000, script: 30000}, unexpectedAlertBehaviour: ignore, unhandledPromptBehavior: ignore, version: 72.0.3626.121, webStorageEnabled: true}<br />Session ID: 9077af1aa8dbf7c247e197666af5b795<br />*** Element info: {Using=xpath, value=//input[@name='GLAMS Component Name']}</td>
</tr>

<tr>
<td>242935</td>
<td title="main thread">main</td>
<td title="Level"><font color="#993300"><strong>ERROR</strong></font></td>
<td title="Test.TestController logger">Test.TestController</td>
<td>TestController.java:188</td>
<td title="Message">TestCase: TC02TestStep: TS16Keyword : TextBox<br />Screenshot_Path: C:\FunctionalTestAutomation\Screenshots\TC02TS16TextBox_25_03_2019_03_40_02.png</td>
</tr>

<tr>
<td>236044</td>
<td title="main thread">main</td>
<td title="Level"><font color="#993300"><strong>ERROR</strong></font></td>
<td title="TestBase.TestBaseClass logger">TestBase.TestBaseClass</td>
<td>Keywords.java:149</td>
<td title="Message">TestCase: TC02TestStep: TS16Keyword : TextBox<br />Error :no such element: Unable to locate element: {&quot;method&quot;:&quot;xpath&quot;,&quot;selector&quot;:&quot;//input[@name='GLAMS Component Name']&quot;}<br />  (Session info: chrome=72.0.3626.121)<br />  (Driver info: chromedriver=2.45.615291 (ec3682e3c9061c10f26ea9e5cdcf3c53f3f74387),platform=Windows NT 10.0.17134 x86_64) (WARNING: The server did not provide any stacktrace information)<br />Command duration or timeout: 0 milliseconds<br />For documentation on this error, please visit: https://www.seleniumhq.org/exceptions/no_such_element.html<br />Build info: version: '3.141.59', revision: 'e82be7d358', time: '2018-11-14T08:25:53'<br />System info: host: 'PP-IN-LAP-13', ip: '10.1.90.154', os.name: 'Windows 10', os.arch: 'x86', os.version: '10.0', java.version: '1.8.0_201'<br />Driver info: org.openqa.selenium.chrome.ChromeDriver<br />Capabilities {acceptInsecureCerts: false, acceptSslCerts: false, applicationCacheEnabled: false, browserConnectionEnabled: false, browserName: chrome, chrome: {chromedriverVersion: 2.45.615291 (ec3682e3c9061c..., userDataDir: C:\Users\GEETHA~1.MUD\AppDa...}, cssSelectorsEnabled: true, databaseEnabled: false, goog:chromeOptions: {debuggerAddress: localhost:51736}, handlesAlerts: true, hasTouchScreen: false, javascriptEnabled: true, locationContextEnabled: true, mobileEmulationEnabled: false, nativeEvents: true, networkConnectionEnabled: false, pageLoadStrategy: normal, platform: XP, platformName: XP, proxy: Proxy(), rotatable: false, setWindowRect: true, strictFileInteractability: false, takesHeapSnapshot: true, takesScreenshot: true, timeouts: {implicit: 0, pageLoad: 300000, script: 30000}, unexpectedAlertBehaviour: ignore, unhandledPromptBehavior: ignore, version: 72.0.3626.121, webStorageEnabled: true}<br />Session ID: cb510ff3fdabe3a86fb5140240a91423<br />*** Element info: {Using=xpath, value=//input[@name='GLAMS Component Name']}</td>
</tr>

<tr>
<td>236488</td>
<td title="main thread">main</td>
<td title="Level"><font color="#993300"><strong>ERROR</strong></font></td>
<td title="Test.TestController logger">Test.TestController</td>
<td>TestController.java:188</td>
<td title="Message">TestCase: TC02TestStep: TS16Keyword : TextBox<br />Screenshot_Path: C:\FunctionalTestAutomation\Screenshots\TC02TS16TextBox_25_03_2019_03_44_37.png</td>
</tr>

<tr>
<td>126899</td>
<td title="main thread">main</td>
<td title="Level"><font color="#993300"><strong>ERROR</strong></font></td>
<td title="TestBase.TestBaseClass logger">TestBase.TestBaseClass</td>
<td>Keywords.java:1882</td>
<td title="Message">TestCase: TC09TestStep: TS16Keyword : GroupTaskSearch_SelectRow<br />Error :element not interactable<br />  (Session info: chrome=72.0.3626.121)<br />  (Driver info: chromedriver=2.45.615291 (ec3682e3c9061c10f26ea9e5cdcf3c53f3f74387),platform=Windows NT 10.0.17134 x86_64) (WARNING: The server did not provide any stacktrace information)<br />Command duration or timeout: 0 milliseconds<br />Build info: version: '3.141.59', revision: 'e82be7d358', time: '2018-11-14T08:25:53'<br />System info: host: 'PP-IN-LAP-13', ip: '10.1.90.154', os.name: 'Windows 10', os.arch: 'x86', os.version: '10.0', java.version: '1.8.0_201'<br />Driver info: org.openqa.selenium.chrome.ChromeDriver<br />Capabilities {acceptInsecureCerts: false, acceptSslCerts: false, applicationCacheEnabled: false, browserConnectionEnabled: false, browserName: chrome, chrome: {chromedriverVersion: 2.45.615291 (ec3682e3c9061c..., userDataDir: C:\Users\GEETHA~1.MUD\AppDa...}, cssSelectorsEnabled: true, databaseEnabled: false, goog:chromeOptions: {debuggerAddress: localhost:52223}, handlesAlerts: true, hasTouchScreen: false, javascriptEnabled: true, locationContextEnabled: true, mobileEmulationEnabled: false, nativeEvents: true, networkConnectionEnabled: false, pageLoadStrategy: normal, platform: XP, platformName: XP, proxy: Proxy(), rotatable: false, setWindowRect: true, strictFileInteractability: false, takesHeapSnapshot: true, takesScreenshot: true, timeouts: {implicit: 0, pageLoad: 300000, script: 30000}, unexpectedAlertBehaviour: ignore, unhandledPromptBehavior: ignore, version: 72.0.3626.121, webStorageEnabled: true}<br />Session ID: 3bfbe29dda506eb582137e7c2ff3e29a</td>
</tr>

<tr>
<td>127316</td>
<td title="main thread">main</td>
<td title="Level"><font color="#993300"><strong>ERROR</strong></font></td>
<td title="Test.TestController logger">Test.TestController</td>
<td>TestController.java:188</td>
<td title="Message">TestCase: TC09TestStep: TS16Keyword : GroupTaskSearch_SelectRow<br />Screenshot_Path: C:\FunctionalTestAutomation\Screenshots\TC09TS16GroupTaskSearch_SelectRow_25_03_2019_05_54_30.png</td>
</tr>

<tr>
<td>171164</td>
<td title="main thread">main</td>
<td title="Level"><font color="#993300"><strong>ERROR</strong></font></td>
<td title="TestBase.TestBaseClass logger">TestBase.TestBaseClass</td>
<td>Keywords.java:543</td>
<td title="Message">TestCase: TC09TestStep: TS22Keyword : Button<br />Error :no such element: Unable to locate element: {&quot;method&quot;:&quot;xpath&quot;,&quot;selector&quot;:&quot;//button[@name='btn Submit']&quot;}<br />  (Session info: chrome=72.0.3626.121)<br />  (Driver info: chromedriver=2.45.615291 (ec3682e3c9061c10f26ea9e5cdcf3c53f3f74387),platform=Windows NT 10.0.17134 x86_64) (WARNING: The server did not provide any stacktrace information)<br />Command duration or timeout: 0 milliseconds<br />For documentation on this error, please visit: https://www.seleniumhq.org/exceptions/no_such_element.html<br />Build info: version: '3.141.59', revision: 'e82be7d358', time: '2018-11-14T08:25:53'<br />System info: host: 'PP-IN-LAP-13', ip: '10.1.90.154', os.name: 'Windows 10', os.arch: 'x86', os.version: '10.0', java.version: '1.8.0_201'<br />Driver info: org.openqa.selenium.chrome.ChromeDriver<br />Capabilities {acceptInsecureCerts: false, acceptSslCerts: false, applicationCacheEnabled: false, browserConnectionEnabled: false, browserName: chrome, chrome: {chromedriverVersion: 2.45.615291 (ec3682e3c9061c..., userDataDir: C:\Users\GEETHA~1.MUD\AppDa...}, cssSelectorsEnabled: true, databaseEnabled: false, goog:chromeOptions: {debuggerAddress: localhost:52223}, handlesAlerts: true, hasTouchScreen: false, javascriptEnabled: true, locationContextEnabled: true, mobileEmulationEnabled: false, nativeEvents: true, networkConnectionEnabled: false, pageLoadStrategy: normal, platform: XP, platformName: XP, proxy: Proxy(), rotatable: false, setWindowRect: true, strictFileInteractability: false, takesHeapSnapshot: true, takesScreenshot: true, timeouts: {implicit: 0, pageLoad: 300000, script: 30000}, unexpectedAlertBehaviour: ignore, unhandledPromptBehavior: ignore, version: 72.0.3626.121, webStorageEnabled: true}<br />Session ID: 3bfbe29dda506eb582137e7c2ff3e29a<br />*** Element info: {Using=xpath, value=//button[@name='btn Submit']}</td>
</tr>

<tr>
<td>171563</td>
<td title="main thread">main</td>
<td title="Level"><font color="#993300"><strong>ERROR</strong></font></td>
<td title="Test.TestController logger">Test.TestController</td>
<td>TestController.java:188</td>
<td title="Message">TestCase: TC09TestStep: TS22Keyword : Button<br />Screenshot_Path: C:\FunctionalTestAutomation\Screenshots\TC09TS22Button_25_03_2019_05_55_14.png</td>
</tr>

<tr>
<td>177920</td>
<td title="main thread">main</td>
<td title="Level"><font color="#993300"><strong>ERROR</strong></font></td>
<td title="TestBase.TestBaseClass logger">TestBase.TestBaseClass</td>
<td>Keywords.java:1806</td>
<td title="Message">The error is due to : org.openqa.selenium.WebDriverException: unknown error: Element &lt;button type=&quot;submit&quot; title=&quot;Search&quot; name=&quot;grid_search_button&quot; class=&quot;btn btn-default btn-sm&quot;&gt;...&lt;/button&gt; is not clickable at point (497, 397). Other element would receive the click: &lt;label class=&quot;col-sm-2 control-label&quot;&gt;...&lt;/label&gt;<br />  (Session info: chrome=72.0.3626.121)<br />  (Driver info: chromedriver=2.45.615291 (ec3682e3c9061c10f26ea9e5cdcf3c53f3f74387),platform=Windows NT 10.0.17134 x86_64) (WARNING: The server did not provide any stacktrace information)<br />Command duration or timeout: 0 milliseconds<br />Build info: version: '3.141.59', revision: 'e82be7d358', time: '2018-11-14T08:25:53'<br />System info: host: 'PP-IN-LAP-13', ip: '10.1.90.154', os.name: 'Windows 10', os.arch: 'x86', os.version: '10.0', java.version: '1.8.0_201'<br />Driver info: org.openqa.selenium.chrome.ChromeDriver<br />Capabilities {acceptInsecureCerts: false, acceptSslCerts: false, applicationCacheEnabled: false, browserConnectionEnabled: false, browserName: chrome, chrome: {chromedriverVersion: 2.45.615291 (ec3682e3c9061c..., userDataDir: C:\Users\GEETHA~1.MUD\AppDa...}, cssSelectorsEnabled: true, databaseEnabled: false, goog:chromeOptions: {debuggerAddress: localhost:52223}, handlesAlerts: true, hasTouchScreen: false, javascriptEnabled: true, locationContextEnabled: true, mobileEmulationEnabled: false, nativeEvents: true, networkConnectionEnabled: false, pageLoadStrategy: normal, platform: XP, platformName: XP, proxy: Proxy(), rotatable: false, setWindowRect: true, strictFileInteractability: false, takesHeapSnapshot: true, takesScreenshot: true, timeouts: {implicit: 0, pageLoad: 300000, script: 30000}, unexpectedAlertBehaviour: ignore, unhandledPromptBehavior: ignore, version: 72.0.3626.121, webStorageEnabled: true}<br />Session ID: 3bfbe29dda506eb582137e7c2ff3e29a</td>
</tr>

<tr>
<td>202965</td>
<td title="main thread">main</td>
<td title="Level"><font color="#993300"><strong>ERROR</strong></font></td>
<td title="TestBase.TestBaseClass logger">TestBase.TestBaseClass</td>
<td>Keywords.java:1821</td>
<td title="Message">TestCase: TC09TestStep: TS25Keyword : Routing_BtnSubmit<br />Error :no such element: Unable to locate element: {&quot;method&quot;:&quot;xpath&quot;,&quot;selector&quot;:&quot;//button[@k-options='submitButton']&quot;}<br />  (Session info: chrome=72.0.3626.121)<br />  (Driver info: chromedriver=2.45.615291 (ec3682e3c9061c10f26ea9e5cdcf3c53f3f74387),platform=Windows NT 10.0.17134 x86_64) (WARNING: The server did not provide any stacktrace information)<br />Command duration or timeout: 0 milliseconds<br />For documentation on this error, please visit: https://www.seleniumhq.org/exceptions/no_such_element.html<br />Build info: version: '3.141.59', revision: 'e82be7d358', time: '2018-11-14T08:25:53'<br />System info: host: 'PP-IN-LAP-13', ip: '10.1.90.154', os.name: 'Windows 10', os.arch: 'x86', os.version: '10.0', java.version: '1.8.0_201'<br />Driver info: org.openqa.selenium.chrome.ChromeDriver<br />Capabilities {acceptInsecureCerts: false, acceptSslCerts: false, applicationCacheEnabled: false, browserConnectionEnabled: false, browserName: chrome, chrome: {chromedriverVersion: 2.45.615291 (ec3682e3c9061c..., userDataDir: C:\Users\GEETHA~1.MUD\AppDa...}, cssSelectorsEnabled: true, databaseEnabled: false, goog:chromeOptions: {debuggerAddress: localhost:52223}, handlesAlerts: true, hasTouchScreen: false, javascriptEnabled: true, locationContextEnabled: true, mobileEmulationEnabled: false, nativeEvents: true, networkConnectionEnabled: false, pageLoadStrategy: normal, platform: XP, platformName: XP, proxy: Proxy(), rotatable: false, setWindowRect: true, strictFileInteractability: false, takesHeapSnapshot: true, takesScreenshot: true, timeouts: {implicit: 0, pageLoad: 300000, script: 30000}, unexpectedAlertBehaviour: ignore, unhandledPromptBehavior: ignore, version: 72.0.3626.121, webStorageEnabled: true}<br />Session ID: 3bfbe29dda506eb582137e7c2ff3e29a<br />*** Element info: {Using=xpath, value=//button[@k-options='submitButton']}</td>
</tr>

<tr>
<td>203337</td>
<td title="main thread">main</td>
<td title="Level"><font color="#993300"><strong>ERROR</strong></font></td>
<td title="Test.TestController logger">Test.TestController</td>
<td>TestController.java:188</td>
<td title="Message">TestCase: TC09TestStep: TS25Keyword : Routing_BtnSubmit<br />Screenshot_Path: C:\FunctionalTestAutomation\Screenshots\TC09TS25Routing_BtnSubmit_25_03_2019_05_55_46.png</td>
</tr>

<tr>
<td>216666</td>
<td title="main thread">main</td>
<td title="Level"><font color="#993300"><strong>ERROR</strong></font></td>
<td title="TestBase.TestBaseClass logger">TestBase.TestBaseClass</td>
<td>Keywords.java:1882</td>
<td title="Message">TestCase: TC09TestStep: TS27Keyword : GroupTaskSearch_SelectRow<br />Error :unknown error: Element &lt;button type=&quot;submit&quot; title=&quot;Search&quot; name=&quot;grid_search_button&quot; class=&quot;btn btn-default btn-sm&quot;&gt;...&lt;/button&gt; is not clickable at point (497, 811). Other element would receive the click: &lt;div class=&quot;modal ng-scope in&quot; aria-hidden=&quot;false&quot; style=&quot;display: block;&quot;&gt;...&lt;/div&gt;<br />  (Session info: chrome=72.0.3626.121)<br />  (Driver info: chromedriver=2.45.615291 (ec3682e3c9061c10f26ea9e5cdcf3c53f3f74387),platform=Windows NT 10.0.17134 x86_64) (WARNING: The server did not provide any stacktrace information)<br />Command duration or timeout: 0 milliseconds<br />Build info: version: '3.141.59', revision: 'e82be7d358', time: '2018-11-14T08:25:53'<br />System info: host: 'PP-IN-LAP-13', ip: '10.1.90.154', os.name: 'Windows 10', os.arch: 'x86', os.version: '10.0', java.version: '1.8.0_201'<br />Driver info: org.openqa.selenium.chrome.ChromeDriver<br />Capabilities {acceptInsecureCerts: false, acceptSslCerts: false, applicationCacheEnabled: false, browserConnectionEnabled: false, browserName: chrome, chrome: {chromedriverVersion: 2.45.615291 (ec3682e3c9061c..., userDataDir: C:\Users\GEETHA~1.MUD\AppDa...}, cssSelectorsEnabled: true, databaseEnabled: false, goog:chromeOptions: {debuggerAddress: localhost:52223}, handlesAlerts: true, hasTouchScreen: false, javascriptEnabled: true, locationContextEnabled: true, mobileEmulationEnabled: false, nativeEvents: true, networkConnectionEnabled: false, pageLoadStrategy: normal, platform: XP, platformName: XP, proxy: Proxy(), rotatable: false, setWindowRect: true, strictFileInteractability: false, takesHeapSnapshot: true, takesScreenshot: true, timeouts: {implicit: 0, pageLoad: 300000, script: 30000}, unexpectedAlertBehaviour: ignore, unhandledPromptBehavior: ignore, version: 72.0.3626.121, webStorageEnabled: true}<br />Session ID: 3bfbe29dda506eb582137e7c2ff3e29a</td>
</tr>

<tr>
<td>217006</td>
<td title="main thread">main</td>
<td title="Level"><font color="#993300"><strong>ERROR</strong></font></td>
<td title="Test.TestController logger">Test.TestController</td>
<td>TestController.java:188</td>
<td title="Message">TestCase: TC09TestStep: TS27Keyword : GroupTaskSearch_SelectRow<br />Screenshot_Path: C:\FunctionalTestAutomation\Screenshots\TC09TS27GroupTaskSearch_SelectRow_25_03_2019_05_56_00.png</td>
</tr>

<tr>
<td>223125</td>
<td title="main thread">main</td>
<td title="Level"><font color="#993300"><strong>ERROR</strong></font></td>
<td title="TestBase.TestBaseClass logger">TestBase.TestBaseClass</td>
<td>Keywords.java:880</td>
<td title="Message">TestCase: TC09TestStep: TS28Keyword : AssignToMe_GroupTaskGrid<br />Error :unknown error: Element &lt;a ng-repeat=&quot;action in groupActions&quot; ng-if=&quot;action.actionType=='function' &amp;amp;&amp;amp; !action.textTemplate &amp;amp;&amp;amp; action.Visible !== false&quot; ng-click=&quot;actionHandler($event, !!action.isGeneralAction, action.action, dataItem)&quot; name=&quot;AssignToMe&quot; class=&quot;btn btn-sm btn-default &quot; title=&quot;&quot; tooltip=&quot;&quot; data-original-title=&quot;AssignToMe&quot;&gt;...&lt;/a&gt; is not clickable at point (1427, 811). Other element would receive the click: &lt;div class=&quot;modal ng-scope in&quot; aria-hidden=&quot;false&quot; style=&quot;display: block;&quot;&gt;...&lt;/div&gt;<br />  (Session info: chrome=72.0.3626.121)<br />  (Driver info: chromedriver=2.45.615291 (ec3682e3c9061c10f26ea9e5cdcf3c53f3f74387),platform=Windows NT 10.0.17134 x86_64) (WARNING: The server did not provide any stacktrace information)<br />Command duration or timeout: 0 milliseconds<br />Build info: version: '3.141.59', revision: 'e82be7d358', time: '2018-11-14T08:25:53'<br />System info: host: 'PP-IN-LAP-13', ip: '10.1.90.154', os.name: 'Windows 10', os.arch: 'x86', os.version: '10.0', java.version: '1.8.0_201'<br />Driver info: org.openqa.selenium.chrome.ChromeDriver<br />Capabilities {acceptInsecureCerts: false, acceptSslCerts: false, applicationCacheEnabled: false, browserConnectionEnabled: false, browserName: chrome, chrome: {chromedriverVersion: 2.45.615291 (ec3682e3c9061c..., userDataDir: C:\Users\GEETHA~1.MUD\AppDa...}, cssSelectorsEnabled: true, databaseEnabled: false, goog:chromeOptions: {debuggerAddress: localhost:52223}, handlesAlerts: true, hasTouchScreen: false, javascriptEnabled: true, locationContextEnabled: true, mobileEmulationEnabled: false, nativeEvents: true, networkConnectionEnabled: false, pageLoadStrategy: normal, platform: XP, platformName: XP, proxy: Proxy(), rotatable: false, setWindowRect: true, strictFileInteractability: false, takesHeapSnapshot: true, takesScreenshot: true, timeouts: {implicit: 0, pageLoad: 300000, script: 30000}, unexpectedAlertBehaviour: ignore, unhandledPromptBehavior: ignore, version: 72.0.3626.121, webStorageEnabled: true}<br />Session ID: 3bfbe29dda506eb582137e7c2ff3e29a</td>
</tr>

<tr>
<td>223511</td>
<td title="main thread">main</td>
<td title="Level"><font color="#993300"><strong>ERROR</strong></font></td>
<td title="Test.TestController logger">Test.TestController</td>
<td>TestController.java:188</td>
<td title="Message">TestCase: TC09TestStep: TS28Keyword : AssignToMe_GroupTaskGrid<br />Screenshot_Path: C:\FunctionalTestAutomation\Screenshots\TC09TS28AssignToMe_GroupTaskGrid_25_03_2019_05_56_06.png</td>
</tr>

<tr>
<td>234851</td>
<td title="main thread">main</td>
<td title="Level"><font color="#993300"><strong>ERROR</strong></font></td>
<td title="TestBase.TestBaseClass logger">TestBase.TestBaseClass</td>
<td>Keywords.java:1806</td>
<td title="Message">The error is due to : org.openqa.selenium.WebDriverException: unknown error: Element &lt;button type=&quot;submit&quot; title=&quot;Search&quot; name=&quot;grid_search_button&quot; class=&quot;btn btn-default btn-sm&quot;&gt;...&lt;/button&gt; is not clickable at point (497, 397). Other element would receive the click: &lt;label class=&quot;col-sm-2 control-label&quot;&gt;...&lt;/label&gt;<br />  (Session info: chrome=72.0.3626.121)<br />  (Driver info: chromedriver=2.45.615291 (ec3682e3c9061c10f26ea9e5cdcf3c53f3f74387),platform=Windows NT 10.0.17134 x86_64) (WARNING: The server did not provide any stacktrace information)<br />Command duration or timeout: 0 milliseconds<br />Build info: version: '3.141.59', revision: 'e82be7d358', time: '2018-11-14T08:25:53'<br />System info: host: 'PP-IN-LAP-13', ip: '10.1.90.154', os.name: 'Windows 10', os.arch: 'x86', os.version: '10.0', java.version: '1.8.0_201'<br />Driver info: org.openqa.selenium.chrome.ChromeDriver<br />Capabilities {acceptInsecureCerts: false, acceptSslCerts: false, applicationCacheEnabled: false, browserConnectionEnabled: false, browserName: chrome, chrome: {chromedriverVersion: 2.45.615291 (ec3682e3c9061c..., userDataDir: C:\Users\GEETHA~1.MUD\AppDa...}, cssSelectorsEnabled: true, databaseEnabled: false, goog:chromeOptions: {debuggerAddress: localhost:52223}, handlesAlerts: true, hasTouchScreen: false, javascriptEnabled: true, locationContextEnabled: true, mobileEmulationEnabled: false, nativeEvents: true, networkConnectionEnabled: false, pageLoadStrategy: normal, platform: XP, platformName: XP, proxy: Proxy(), rotatable: false, setWindowRect: true, strictFileInteractability: false, takesHeapSnapshot: true, takesScreenshot: true, timeouts: {implicit: 0, pageLoad: 300000, script: 30000}, unexpectedAlertBehaviour: ignore, unhandledPromptBehavior: ignore, version: 72.0.3626.121, webStorageEnabled: true}<br />Session ID: 3bfbe29dda506eb582137e7c2ff3e29a</td>
</tr>

<tr>
<td>291814</td>
<td title="main thread">main</td>
<td title="Level"><font color="#993300"><strong>ERROR</strong></font></td>
<td title="TestBase.TestBaseClass logger">TestBase.TestBaseClass</td>
<td>Keywords.java:1882</td>
<td title="Message">TestCase: TC09TestStep: TS36Keyword : GroupTaskSearch_SelectRow<br />Error :element not interactable<br />  (Session info: chrome=72.0.3626.121)<br />  (Driver info: chromedriver=2.45.615291 (ec3682e3c9061c10f26ea9e5cdcf3c53f3f74387),platform=Windows NT 10.0.17134 x86_64) (WARNING: The server did not provide any stacktrace information)<br />Command duration or timeout: 0 milliseconds<br />Build info: version: '3.141.59', revision: 'e82be7d358', time: '2018-11-14T08:25:53'<br />System info: host: 'PP-IN-LAP-13', ip: '10.1.90.154', os.name: 'Windows 10', os.arch: 'x86', os.version: '10.0', java.version: '1.8.0_201'<br />Driver info: org.openqa.selenium.chrome.ChromeDriver<br />Capabilities {acceptInsecureCerts: false, acceptSslCerts: false, applicationCacheEnabled: false, browserConnectionEnabled: false, browserName: chrome, chrome: {chromedriverVersion: 2.45.615291 (ec3682e3c9061c..., userDataDir: C:\Users\GEETHA~1.MUD\AppDa...}, cssSelectorsEnabled: true, databaseEnabled: false, goog:chromeOptions: {debuggerAddress: localhost:52223}, handlesAlerts: true, hasTouchScreen: false, javascriptEnabled: true, locationContextEnabled: true, mobileEmulationEnabled: false, nativeEvents: true, networkConnectionEnabled: false, pageLoadStrategy: normal, platform: XP, platformName: XP, proxy: Proxy(), rotatable: false, setWindowRect: true, strictFileInteractability: false, takesHeapSnapshot: true, takesScreenshot: true, timeouts: {implicit: 0, pageLoad: 300000, script: 30000}, unexpectedAlertBehaviour: ignore, unhandledPromptBehavior: ignore, version: 72.0.3626.121, webStorageEnabled: true}<br />Session ID: 3bfbe29dda506eb582137e7c2ff3e29a</td>
</tr>

<tr>
<td>292203</td>
<td title="main thread">main</td>
<td title="Level"><font color="#993300"><strong>ERROR</strong></font></td>
<td title="Test.TestController logger">Test.TestController</td>
<td>TestController.java:188</td>
<td title="Message">TestCase: TC09TestStep: TS36Keyword : GroupTaskSearch_SelectRow<br />Screenshot_Path: C:\FunctionalTestAutomation\Screenshots\TC09TS36GroupTaskSearch_SelectRow_25_03_2019_05_57_15.png</td>
</tr>

<tr>
<td>331091</td>
<td title="main thread">main</td>
<td title="Level"><font color="#993300"><strong>ERROR</strong></font></td>
<td title="TestBase.TestBaseClass logger">TestBase.TestBaseClass</td>
<td>Keywords.java:82</td>
<td title="Message">TestCase: TC09TestStep: TS41Keyword : ClearInputText<br />Error :no such element: Unable to locate element: {&quot;method&quot;:&quot;xpath&quot;,&quot;selector&quot;:&quot;//input[@name='UserName']&quot;}<br />  (Session info: chrome=72.0.3626.121)<br />  (Driver info: chromedriver=2.45.615291 (ec3682e3c9061c10f26ea9e5cdcf3c53f3f74387),platform=Windows NT 10.0.17134 x86_64) (WARNING: The server did not provide any stacktrace information)<br />Command duration or timeout: 0 milliseconds<br />For documentation on this error, please visit: https://www.seleniumhq.org/exceptions/no_such_element.html<br />Build info: version: '3.141.59', revision: 'e82be7d358', time: '2018-11-14T08:25:53'<br />System info: host: 'PP-IN-LAP-13', ip: '10.1.90.154', os.name: 'Windows 10', os.arch: 'x86', os.version: '10.0', java.version: '1.8.0_201'<br />Driver info: org.openqa.selenium.chrome.ChromeDriver<br />Capabilities {acceptInsecureCerts: false, acceptSslCerts: false, applicationCacheEnabled: false, browserConnectionEnabled: false, browserName: chrome, chrome: {chromedriverVersion: 2.45.615291 (ec3682e3c9061c..., userDataDir: C:\Users\GEETHA~1.MUD\AppDa...}, cssSelectorsEnabled: true, databaseEnabled: false, goog:chromeOptions: {debuggerAddress: localhost:52223}, handlesAlerts: true, hasTouchScreen: false, javascriptEnabled: true, locationContextEnabled: true, mobileEmulationEnabled: false, nativeEvents: true, networkConnectionEnabled: false, pageLoadStrategy: normal, platform: XP, platformName: XP, proxy: Proxy(), rotatable: false, setWindowRect: true, strictFileInteractability: false, takesHeapSnapshot: true, takesScreenshot: true, timeouts: {implicit: 0, pageLoad: 300000, script: 30000}, unexpectedAlertBehaviour: ignore, unhandledPromptBehavior: ignore, version: 72.0.3626.121, webStorageEnabled: true}<br />Session ID: 3bfbe29dda506eb582137e7c2ff3e29a<br />*** Element info: {Using=xpath, value=//input[@name='UserName']}</td>
</tr>

<tr>
<td>331453</td>
<td title="main thread">main</td>
<td title="Level"><font color="#993300"><strong>ERROR</strong></font></td>
<td title="Test.TestController logger">Test.TestController</td>
<td>TestController.java:188</td>
<td title="Message">TestCase: TC09TestStep: TS41Keyword : ClearInputText<br />Screenshot_Path: C:\FunctionalTestAutomation\Screenshots\TC09TS41ClearInputText_25_03_2019_05_57_54.png</td>
</tr>

<tr>
<td>357546</td>
<td title="main thread">main</td>
<td title="Level"><font color="#993300"><strong>ERROR</strong></font></td>
<td title="TestBase.TestBaseClass logger">TestBase.TestBaseClass</td>
<td>Keywords.java:149</td>
<td title="Message">TestCase: TC09TestStep: TS42Keyword : TextBox<br />Error :no such element: Unable to locate element: {&quot;method&quot;:&quot;xpath&quot;,&quot;selector&quot;:&quot;//input[@name='UserName']&quot;}<br />  (Session info: chrome=72.0.3626.121)<br />  (Driver info: chromedriver=2.45.615291 (ec3682e3c9061c10f26ea9e5cdcf3c53f3f74387),platform=Windows NT 10.0.17134 x86_64) (WARNING: The server did not provide any stacktrace information)<br />Command duration or timeout: 0 milliseconds<br />For documentation on this error, please visit: https://www.seleniumhq.org/exceptions/no_such_element.html<br />Build info: version: '3.141.59', revision: 'e82be7d358', time: '2018-11-14T08:25:53'<br />System info: host: 'PP-IN-LAP-13', ip: '10.1.90.154', os.name: 'Windows 10', os.arch: 'x86', os.version: '10.0', java.version: '1.8.0_201'<br />Driver info: org.openqa.selenium.chrome.ChromeDriver<br />Capabilities {acceptInsecureCerts: false, acceptSslCerts: false, applicationCacheEnabled: false, browserConnectionEnabled: false, browserName: chrome, chrome: {chromedriverVersion: 2.45.615291 (ec3682e3c9061c..., userDataDir: C:\Users\GEETHA~1.MUD\AppDa...}, cssSelectorsEnabled: true, databaseEnabled: false, goog:chromeOptions: {debuggerAddress: localhost:52223}, handlesAlerts: true, hasTouchScreen: false, javascriptEnabled: true, locationContextEnabled: true, mobileEmulationEnabled: false, nativeEvents: true, networkConnectionEnabled: false, pageLoadStrategy: normal, platform: XP, platformName: XP, proxy: Proxy(), rotatable: false, setWindowRect: true, strictFileInteractability: false, takesHeapSnapshot: true, takesScreenshot: true, timeouts: {implicit: 0, pageLoad: 300000, script: 30000}, unexpectedAlertBehaviour: ignore, unhandledPromptBehavior: ignore, version: 72.0.3626.121, webStorageEnabled: true}<br />Session ID: 3bfbe29dda506eb582137e7c2ff3e29a<br />*** Element info: {Using=xpath, value=//input[@name='UserName']}</td>
</tr>

<tr>
<td>357920</td>
<td title="main thread">main</td>
<td title="Level"><font color="#993300"><strong>ERROR</strong></font></td>
<td title="Test.TestController logger">Test.TestController</td>
<td>TestController.java:188</td>
<td title="Message">TestCase: TC09TestStep: TS42Keyword : TextBox<br />Screenshot_Path: C:\FunctionalTestAutomation\Screenshots\TC09TS42TextBox_25_03_2019_05_58_21.png</td>
</tr>

<tr>
<td>383972</td>
<td title="main thread">main</td>
<td title="Level"><font color="#993300"><strong>ERROR</strong></font></td>
<td title="TestBase.TestBaseClass logger">TestBase.TestBaseClass</td>
<td>Keywords.java:82</td>
<td title="Message">TestCase: TC09TestStep: TS43Keyword : ClearInputText<br />Error :no such element: Unable to locate element: {&quot;method&quot;:&quot;xpath&quot;,&quot;selector&quot;:&quot;//input[@name='Password']&quot;}<br />  (Session info: chrome=72.0.3626.121)<br />  (Driver info: chromedriver=2.45.615291 (ec3682e3c9061c10f26ea9e5cdcf3c53f3f74387),platform=Windows NT 10.0.17134 x86_64) (WARNING: The server did not provide any stacktrace information)<br />Command duration or timeout: 0 milliseconds<br />For documentation on this error, please visit: https://www.seleniumhq.org/exceptions/no_such_element.html<br />Build info: version: '3.141.59', revision: 'e82be7d358', time: '2018-11-14T08:25:53'<br />System info: host: 'PP-IN-LAP-13', ip: '10.1.90.154', os.name: 'Windows 10', os.arch: 'x86', os.version: '10.0', java.version: '1.8.0_201'<br />Driver info: org.openqa.selenium.chrome.ChromeDriver<br />Capabilities {acceptInsecureCerts: false, acceptSslCerts: false, applicationCacheEnabled: false, browserConnectionEnabled: false, browserName: chrome, chrome: {chromedriverVersion: 2.45.615291 (ec3682e3c9061c..., userDataDir: C:\Users\GEETHA~1.MUD\AppDa...}, cssSelectorsEnabled: true, databaseEnabled: false, goog:chromeOptions: {debuggerAddress: localhost:52223}, handlesAlerts: true, hasTouchScreen: false, javascriptEnabled: true, locationContextEnabled: true, mobileEmulationEnabled: false, nativeEvents: true, networkConnectionEnabled: false, pageLoadStrategy: normal, platform: XP, platformName: XP, proxy: Proxy(), rotatable: false, setWindowRect: true, strictFileInteractability: false, takesHeapSnapshot: true, takesScreenshot: true, timeouts: {implicit: 0, pageLoad: 300000, script: 30000}, unexpectedAlertBehaviour: ignore, unhandledPromptBehavior: ignore, version: 72.0.3626.121, webStorageEnabled: true}<br />Session ID: 3bfbe29dda506eb582137e7c2ff3e29a<br />*** Element info: {Using=xpath, value=//input[@name='Password']}</td>
</tr>

<tr>
<td>384357</td>
<td title="main thread">main</td>
<td title="Level"><font color="#993300"><strong>ERROR</strong></font></td>
<td title="Test.TestController logger">Test.TestController</td>
<td>TestController.java:188</td>
<td title="Message">TestCase: TC09TestStep: TS43Keyword : ClearInputText<br />Screenshot_Path: C:\FunctionalTestAutomation\Screenshots\TC09TS43ClearInputText_25_03_2019_05_58_47.png</td>
</tr>

<tr>
<td>410451</td>
<td title="main thread">main</td>
<td title="Level"><font color="#993300"><strong>ERROR</strong></font></td>
<td title="TestBase.TestBaseClass logger">TestBase.TestBaseClass</td>
<td>Keywords.java:149</td>
<td title="Message">TestCase: TC09TestStep: TS44Keyword : TextBox<br />Error :no such element: Unable to locate element: {&quot;method&quot;:&quot;xpath&quot;,&quot;selector&quot;:&quot;//input[@name='Password']&quot;}<br />  (Session info: chrome=72.0.3626.121)<br />  (Driver info: chromedriver=2.45.615291 (ec3682e3c9061c10f26ea9e5cdcf3c53f3f74387),platform=Windows NT 10.0.17134 x86_64) (WARNING: The server did not provide any stacktrace information)<br />Command duration or timeout: 0 milliseconds<br />For documentation on this error, please visit: https://www.seleniumhq.org/exceptions/no_such_element.html<br />Build info: version: '3.141.59', revision: 'e82be7d358', time: '2018-11-14T08:25:53'<br />System info: host: 'PP-IN-LAP-13', ip: '10.1.90.154', os.name: 'Windows 10', os.arch: 'x86', os.version: '10.0', java.version: '1.8.0_201'<br />Driver info: org.openqa.selenium.chrome.ChromeDriver<br />Capabilities {acceptInsecureCerts: false, acceptSslCerts: false, applicationCacheEnabled: false, browserConnectionEnabled: false, browserName: chrome, chrome: {chromedriverVersion: 2.45.615291 (ec3682e3c9061c..., userDataDir: C:\Users\GEETHA~1.MUD\AppDa...}, cssSelectorsEnabled: true, databaseEnabled: false, goog:chromeOptions: {debuggerAddress: localhost:52223}, handlesAlerts: true, hasTouchScreen: false, javascriptEnabled: true, locationContextEnabled: true, mobileEmulationEnabled: false, nativeEvents: true, networkConnectionEnabled: false, pageLoadStrategy: normal, platform: XP, platformName: XP, proxy: Proxy(), rotatable: false, setWindowRect: true, strictFileInteractability: false, takesHeapSnapshot: true, takesScreenshot: true, timeouts: {implicit: 0, pageLoad: 300000, script: 30000}, unexpectedAlertBehaviour: ignore, unhandledPromptBehavior: ignore, version: 72.0.3626.121, webStorageEnabled: true}<br />Session ID: 3bfbe29dda506eb582137e7c2ff3e29a<br />*** Element info: {Using=xpath, value=//input[@name='Password']}</td>
</tr>

<tr>
<td>410836</td>
<td title="main thread">main</td>
<td title="Level"><font color="#993300"><strong>ERROR</strong></font></td>
<td title="Test.TestController logger">Test.TestController</td>
<td>TestController.java:188</td>
<td title="Message">TestCase: TC09TestStep: TS44Keyword : TextBox<br />Screenshot_Path: C:\FunctionalTestAutomation\Screenshots\TC09TS44TextBox_25_03_2019_05_59_14.png</td>
</tr>

<tr>
<td>441879</td>
<td title="main thread">main</td>
<td title="Level"><font color="#993300"><strong>ERROR</strong></font></td>
<td title="TestBase.TestBaseClass logger">TestBase.TestBaseClass</td>
<td>Keywords.java:543</td>
<td title="Message">TestCase: TC09TestStep: TS46Keyword : Button<br />Error :no such element: Unable to locate element: {&quot;method&quot;:&quot;xpath&quot;,&quot;selector&quot;:&quot;//button[@name='btnApprove']&quot;}<br />  (Session info: chrome=72.0.3626.121)<br />  (Driver info: chromedriver=2.45.615291 (ec3682e3c9061c10f26ea9e5cdcf3c53f3f74387),platform=Windows NT 10.0.17134 x86_64) (WARNING: The server did not provide any stacktrace information)<br />Command duration or timeout: 0 milliseconds<br />For documentation on this error, please visit: https://www.seleniumhq.org/exceptions/no_such_element.html<br />Build info: version: '3.141.59', revision: 'e82be7d358', time: '2018-11-14T08:25:53'<br />System info: host: 'PP-IN-LAP-13', ip: '10.1.90.154', os.name: 'Windows 10', os.arch: 'x86', os.version: '10.0', java.version: '1.8.0_201'<br />Driver info: org.openqa.selenium.chrome.ChromeDriver<br />Capabilities {acceptInsecureCerts: false, acceptSslCerts: false, applicationCacheEnabled: false, browserConnectionEnabled: false, browserName: chrome, chrome: {chromedriverVersion: 2.45.615291 (ec3682e3c9061c..., userDataDir: C:\Users\GEETHA~1.MUD\AppDa...}, cssSelectorsEnabled: true, databaseEnabled: false, goog:chromeOptions: {debuggerAddress: localhost:52223}, handlesAlerts: true, hasTouchScreen: false, javascriptEnabled: true, locationContextEnabled: true, mobileEmulationEnabled: false, nativeEvents: true, networkConnectionEnabled: false, pageLoadStrategy: normal, platform: XP, platformName: XP, proxy: Proxy(), rotatable: false, setWindowRect: true, strictFileInteractability: false, takesHeapSnapshot: true, takesScreenshot: true, timeouts: {implicit: 0, pageLoad: 300000, script: 30000}, unexpectedAlertBehaviour: ignore, unhandledPromptBehavior: ignore, version: 72.0.3626.121, webStorageEnabled: true}<br />Session ID: 3bfbe29dda506eb582137e7c2ff3e29a<br />*** Element info: {Using=xpath, value=//button[@name='btnApprove']}</td>
</tr>

<tr>
<td>442249</td>
<td title="main thread">main</td>
<td title="Level"><font color="#993300"><strong>ERROR</strong></font></td>
<td title="Test.TestController logger">Test.TestController</td>
<td>TestController.java:188</td>
<td title="Message">TestCase: TC09TestStep: TS46Keyword : Button<br />Screenshot_Path: C:\FunctionalTestAutomation\Screenshots\TC09TS46Button_25_03_2019_05_59_45.png</td>
</tr>

<tr>
<td>455652</td>
<td title="main thread">main</td>
<td title="Level"><font color="#993300"><strong>ERROR</strong></font></td>
<td title="TestBase.TestBaseClass logger">TestBase.TestBaseClass</td>
<td>Keywords.java:1882</td>
<td title="Message">TestCase: TC09TestStep: TS48Keyword : GroupTaskSearch_SelectRow<br />Error :unknown error: Element &lt;button type=&quot;submit&quot; title=&quot;Search&quot; name=&quot;grid_search_button&quot; class=&quot;btn btn-default btn-sm&quot;&gt;...&lt;/button&gt; is not clickable at point (497, 738). Other element would receive the click: &lt;div class=&quot;modal ng-scope in&quot; aria-hidden=&quot;false&quot; style=&quot;display: block;&quot;&gt;...&lt;/div&gt;<br />  (Session info: chrome=72.0.3626.121)<br />  (Driver info: chromedriver=2.45.615291 (ec3682e3c9061c10f26ea9e5cdcf3c53f3f74387),platform=Windows NT 10.0.17134 x86_64) (WARNING: The server did not provide any stacktrace information)<br />Command duration or timeout: 0 milliseconds<br />Build info: version: '3.141.59', revision: 'e82be7d358', time: '2018-11-14T08:25:53'<br />System info: host: 'PP-IN-LAP-13', ip: '10.1.90.154', os.name: 'Windows 10', os.arch: 'x86', os.version: '10.0', java.version: '1.8.0_201'<br />Driver info: org.openqa.selenium.chrome.ChromeDriver<br />Capabilities {acceptInsecureCerts: false, acceptSslCerts: false, applicationCacheEnabled: false, browserConnectionEnabled: false, browserName: chrome, chrome: {chromedriverVersion: 2.45.615291 (ec3682e3c9061c..., userDataDir: C:\Users\GEETHA~1.MUD\AppDa...}, cssSelectorsEnabled: true, databaseEnabled: false, goog:chromeOptions: {debuggerAddress: localhost:52223}, handlesAlerts: true, hasTouchScreen: false, javascriptEnabled: true, locationContextEnabled: true, mobileEmulationEnabled: false, nativeEvents: true, networkConnectionEnabled: false, pageLoadStrategy: normal, platform: XP, platformName: XP, proxy: Proxy(), rotatable: false, setWindowRect: true, strictFileInteractability: false, takesHeapSnapshot: true, takesScreenshot: true, timeouts: {implicit: 0, pageLoad: 300000, script: 30000}, unexpectedAlertBehaviour: ignore, unhandledPromptBehavior: ignore, version: 72.0.3626.121, webStorageEnabled: true}<br />Session ID: 3bfbe29dda506eb582137e7c2ff3e29a</td>
</tr>

<tr>
<td>456007</td>
<td title="main thread">main</td>
<td title="Level"><font color="#993300"><strong>ERROR</strong></font></td>
<td title="Test.TestController logger">Test.TestController</td>
<td>TestController.java:188</td>
<td title="Message">TestCase: TC09TestStep: TS48Keyword : GroupTaskSearch_SelectRow<br />Screenshot_Path: C:\FunctionalTestAutomation\Screenshots\TC09TS48GroupTaskSearch_SelectRow_25_03_2019_05_59_59.png</td>
</tr>

<tr>
<td>462206</td>
<td title="main thread">main</td>
<td title="Level"><font color="#993300"><strong>ERROR</strong></font></td>
<td title="TestBase.TestBaseClass logger">TestBase.TestBaseClass</td>
<td>Keywords.java:880</td>
<td title="Message">TestCase: TC09TestStep: TS49Keyword : AssignToMe_GroupTaskGrid<br />Error :unknown error: Element &lt;a ng-repeat=&quot;action in groupActions&quot; ng-if=&quot;action.actionType=='function' &amp;amp;&amp;amp; !action.textTemplate &amp;amp;&amp;amp; action.Visible !== false&quot; ng-click=&quot;actionHandler($event, !!action.isGeneralAction, action.action, dataItem)&quot; name=&quot;AssignToMe&quot; class=&quot;btn btn-sm btn-default &quot; title=&quot;&quot; tooltip=&quot;&quot; data-original-title=&quot;AssignToMe&quot;&gt;...&lt;/a&gt; is not clickable at point (1427, 738). Other element would receive the click: &lt;div class=&quot;modal ng-scope in&quot; aria-hidden=&quot;false&quot; style=&quot;display: block;&quot;&gt;...&lt;/div&gt;<br />  (Session info: chrome=72.0.3626.121)<br />  (Driver info: chromedriver=2.45.615291 (ec3682e3c9061c10f26ea9e5cdcf3c53f3f74387),platform=Windows NT 10.0.17134 x86_64) (WARNING: The server did not provide any stacktrace information)<br />Command duration or timeout: 0 milliseconds<br />Build info: version: '3.141.59', revision: 'e82be7d358', time: '2018-11-14T08:25:53'<br />System info: host: 'PP-IN-LAP-13', ip: '10.1.90.154', os.name: 'Windows 10', os.arch: 'x86', os.version: '10.0', java.version: '1.8.0_201'<br />Driver info: org.openqa.selenium.chrome.ChromeDriver<br />Capabilities {acceptInsecureCerts: false, acceptSslCerts: false, applicationCacheEnabled: false, browserConnectionEnabled: false, browserName: chrome, chrome: {chromedriverVersion: 2.45.615291 (ec3682e3c9061c..., userDataDir: C:\Users\GEETHA~1.MUD\AppDa...}, cssSelectorsEnabled: true, databaseEnabled: false, goog:chromeOptions: {debuggerAddress: localhost:52223}, handlesAlerts: true, hasTouchScreen: false, javascriptEnabled: true, locationContextEnabled: true, mobileEmulationEnabled: false, nativeEvents: true, networkConnectionEnabled: false, pageLoadStrategy: normal, platform: XP, platformName: XP, proxy: Proxy(), rotatable: false, setWindowRect: true, strictFileInteractability: false, takesHeapSnapshot: true, takesScreenshot: true, timeouts: {implicit: 0, pageLoad: 300000, script: 30000}, unexpectedAlertBehaviour: ignore, unhandledPromptBehavior: ignore, version: 72.0.3626.121, webStorageEnabled: true}<br />Session ID: 3bfbe29dda506eb582137e7c2ff3e29a</td>
</tr>

<tr>
<td>462585</td>
<td title="main thread">main</td>
<td title="Level"><font color="#993300"><strong>ERROR</strong></font></td>
<td title="Test.TestController logger">Test.TestController</td>
<td>TestController.java:188</td>
<td title="Message">TestCase: TC09TestStep: TS49Keyword : AssignToMe_GroupTaskGrid<br />Screenshot_Path: C:\FunctionalTestAutomation\Screenshots\TC09TS49AssignToMe_GroupTaskGrid_25_03_2019_06_00_05.png</td>
</tr>

<tr>
<td>473925</td>
<td title="main thread">main</td>
<td title="Level"><font color="#993300"><strong>ERROR</strong></font></td>
<td title="TestBase.TestBaseClass logger">TestBase.TestBaseClass</td>
<td>Keywords.java:1806</td>
<td title="Message">The error is due to : org.openqa.selenium.WebDriverException: unknown error: Element &lt;button type=&quot;submit&quot; title=&quot;Search&quot; name=&quot;grid_search_button&quot; class=&quot;btn btn-default btn-sm&quot;&gt;...&lt;/button&gt; is not clickable at point (497, 397). Other element would receive the click: &lt;button type=&quot;submit&quot; title=&quot;Search&quot; name=&quot;grid_search_button&quot; class=&quot;btn btn-default btn-sm&quot;&gt;...&lt;/button&gt;<br />  (Session info: chrome=72.0.3626.121)<br />  (Driver info: chromedriver=2.45.615291 (ec3682e3c9061c10f26ea9e5cdcf3c53f3f74387),platform=Windows NT 10.0.17134 x86_64) (WARNING: The server did not provide any stacktrace information)<br />Command duration or timeout: 0 milliseconds<br />Build info: version: '3.141.59', revision: 'e82be7d358', time: '2018-11-14T08:25:53'<br />System info: host: 'PP-IN-LAP-13', ip: '10.1.90.154', os.name: 'Windows 10', os.arch: 'x86', os.version: '10.0', java.version: '1.8.0_201'<br />Driver info: org.openqa.selenium.chrome.ChromeDriver<br />Capabilities {acceptInsecureCerts: false, acceptSslCerts: false, applicationCacheEnabled: false, browserConnectionEnabled: false, browserName: chrome, chrome: {chromedriverVersion: 2.45.615291 (ec3682e3c9061c..., userDataDir: C:\Users\GEETHA~1.MUD\AppDa...}, cssSelectorsEnabled: true, databaseEnabled: false, goog:chromeOptions: {debuggerAddress: localhost:52223}, handlesAlerts: true, hasTouchScreen: false, javascriptEnabled: true, locationContextEnabled: true, mobileEmulationEnabled: false, nativeEvents: true, networkConnectionEnabled: false, pageLoadStrategy: normal, platform: XP, platformName: XP, proxy: Proxy(), rotatable: false, setWindowRect: true, strictFileInteractability: false, takesHeapSnapshot: true, takesScreenshot: true, timeouts: {implicit: 0, pageLoad: 300000, script: 30000}, unexpectedAlertBehaviour: ignore, unhandledPromptBehavior: ignore, version: 72.0.3626.121, webStorageEnabled: true}<br />Session ID: 3bfbe29dda506eb582137e7c2ff3e29a</td>
</tr>

<tr>
<td>498989</td>
<td title="main thread">main</td>
<td title="Level"><font color="#993300"><strong>ERROR</strong></font></td>
<td title="TestBase.TestBaseClass logger">TestBase.TestBaseClass</td>
<td>Keywords.java:82</td>
<td title="Message">TestCase: TC09TestStep: TS53Keyword : ClearInputText<br />Error :no such element: Unable to locate element: {&quot;method&quot;:&quot;xpath&quot;,&quot;selector&quot;:&quot;//input[@name='UserName']&quot;}<br />  (Session info: chrome=72.0.3626.121)<br />  (Driver info: chromedriver=2.45.615291 (ec3682e3c9061c10f26ea9e5cdcf3c53f3f74387),platform=Windows NT 10.0.17134 x86_64) (WARNING: The server did not provide any stacktrace information)<br />Command duration or timeout: 0 milliseconds<br />For documentation on this error, please visit: https://www.seleniumhq.org/exceptions/no_such_element.html<br />Build info: version: '3.141.59', revision: 'e82be7d358', time: '2018-11-14T08:25:53'<br />System info: host: 'PP-IN-LAP-13', ip: '10.1.90.154', os.name: 'Windows 10', os.arch: 'x86', os.version: '10.0', java.version: '1.8.0_201'<br />Driver info: org.openqa.selenium.chrome.ChromeDriver<br />Capabilities {acceptInsecureCerts: false, acceptSslCerts: false, applicationCacheEnabled: false, browserConnectionEnabled: false, browserName: chrome, chrome: {chromedriverVersion: 2.45.615291 (ec3682e3c9061c..., userDataDir: C:\Users\GEETHA~1.MUD\AppDa...}, cssSelectorsEnabled: true, databaseEnabled: false, goog:chromeOptions: {debuggerAddress: localhost:52223}, handlesAlerts: true, hasTouchScreen: false, javascriptEnabled: true, locationContextEnabled: true, mobileEmulationEnabled: false, nativeEvents: true, networkConnectionEnabled: false, pageLoadStrategy: normal, platform: XP, platformName: XP, proxy: Proxy(), rotatable: false, setWindowRect: true, strictFileInteractability: false, takesHeapSnapshot: true, takesScreenshot: true, timeouts: {implicit: 0, pageLoad: 300000, script: 30000}, unexpectedAlertBehaviour: ignore, unhandledPromptBehavior: ignore, version: 72.0.3626.121, webStorageEnabled: true}<br />Session ID: 3bfbe29dda506eb582137e7c2ff3e29a<br />*** Element info: {Using=xpath, value=//input[@name='UserName']}</td>
</tr>

<tr>
<td>499372</td>
<td title="main thread">main</td>
<td title="Level"><font color="#993300"><strong>ERROR</strong></font></td>
<td title="Test.TestController logger">Test.TestController</td>
<td>TestController.java:188</td>
<td title="Message">TestCase: TC09TestStep: TS53Keyword : ClearInputText<br />Screenshot_Path: C:\FunctionalTestAutomation\Screenshots\TC09TS53ClearInputText_25_03_2019_06_00_42.png</td>
</tr>

<tr>
<td>525421</td>
<td title="main thread">main</td>
<td title="Level"><font color="#993300"><strong>ERROR</strong></font></td>
<td title="TestBase.TestBaseClass logger">TestBase.TestBaseClass</td>
<td>Keywords.java:149</td>
<td title="Message">TestCase: TC09TestStep: TS54Keyword : TextBox<br />Error :no such element: Unable to locate element: {&quot;method&quot;:&quot;xpath&quot;,&quot;selector&quot;:&quot;//input[@name='UserName']&quot;}<br />  (Session info: chrome=72.0.3626.121)<br />  (Driver info: chromedriver=2.45.615291 (ec3682e3c9061c10f26ea9e5cdcf3c53f3f74387),platform=Windows NT 10.0.17134 x86_64) (WARNING: The server did not provide any stacktrace information)<br />Command duration or timeout: 0 milliseconds<br />For documentation on this error, please visit: https://www.seleniumhq.org/exceptions/no_such_element.html<br />Build info: version: '3.141.59', revision: 'e82be7d358', time: '2018-11-14T08:25:53'<br />System info: host: 'PP-IN-LAP-13', ip: '10.1.90.154', os.name: 'Windows 10', os.arch: 'x86', os.version: '10.0', java.version: '1.8.0_201'<br />Driver info: org.openqa.selenium.chrome.ChromeDriver<br />Capabilities {acceptInsecureCerts: false, acceptSslCerts: false, applicationCacheEnabled: false, browserConnectionEnabled: false, browserName: chrome, chrome: {chromedriverVersion: 2.45.615291 (ec3682e3c9061c..., userDataDir: C:\Users\GEETHA~1.MUD\AppDa...}, cssSelectorsEnabled: true, databaseEnabled: false, goog:chromeOptions: {debuggerAddress: localhost:52223}, handlesAlerts: true, hasTouchScreen: false, javascriptEnabled: true, locationContextEnabled: true, mobileEmulationEnabled: false, nativeEvents: true, networkConnectionEnabled: false, pageLoadStrategy: normal, platform: XP, platformName: XP, proxy: Proxy(), rotatable: false, setWindowRect: true, strictFileInteractability: false, takesHeapSnapshot: true, takesScreenshot: true, timeouts: {implicit: 0, pageLoad: 300000, script: 30000}, unexpectedAlertBehaviour: ignore, unhandledPromptBehavior: ignore, version: 72.0.3626.121, webStorageEnabled: true}<br />Session ID: 3bfbe29dda506eb582137e7c2ff3e29a<br />*** Element info: {Using=xpath, value=//input[@name='UserName']}</td>
</tr>

<tr>
<td>525837</td>
<td title="main thread">main</td>
<td title="Level"><font color="#993300"><strong>ERROR</strong></font></td>
<td title="Test.TestController logger">Test.TestController</td>
<td>TestController.java:188</td>
<td title="Message">TestCase: TC09TestStep: TS54Keyword : TextBox<br />Screenshot_Path: C:\FunctionalTestAutomation\Screenshots\TC09TS54TextBox_25_03_2019_06_01_09.png</td>
</tr>

<tr>
<td>549068</td>
<td title="main thread">main</td>
<td title="Level"><font color="#993300"><strong>ERROR</strong></font></td>
<td title="TestBase.TestBaseClass logger">TestBase.TestBaseClass</td>
<td>Keywords.java:82</td>
<td title="Message">TestCase: TC09TestStep: TS55Keyword : ClearInputText<br />Error :Cannot locate an element using xpath=//input[@name='Password']<br />For documentation on this error, please visit: https://www.seleniumhq.org/exceptions/no_such_element.html<br />Build info: version: '3.141.59', revision: 'e82be7d358', time: '2018-11-14T08:25:53'<br />System info: host: 'PP-IN-LAP-13', ip: '10.1.90.154', os.name: 'Windows 10', os.arch: 'x86', os.version: '10.0', java.version: '1.8.0_201'<br />Driver info: driver.version: RemoteWebDriver</td>
</tr>

<tr>
<td>71475</td>
<td title="main thread">main</td>
<td title="Level"><font color="#993300"><strong>ERROR</strong></font></td>
<td title="TestBase.TestBaseClass logger">TestBase.TestBaseClass</td>
<td>Keywords.java:399</td>
<td title="Message">TestCase: TC03TestStep: TS08Keyword : ClickAndSelectSingleSelectDropdown<br />Error :element not interactable<br />  (Session info: chrome=72.0.3626.121)<br />  (Driver info: chromedriver=2.45.615291 (ec3682e3c9061c10f26ea9e5cdcf3c53f3f74387),platform=Windows NT 10.0.17134 x86_64) (WARNING: The server did not provide any stacktrace information)<br />Command duration or timeout: 0 milliseconds<br />Build info: version: '3.141.59', revision: 'e82be7d358', time: '2018-11-14T08:25:53'<br />System info: host: 'PP-IN-LAP-13', ip: '10.1.90.154', os.name: 'Windows 10', os.arch: 'x86', os.version: '10.0', java.version: '1.8.0_201'<br />Driver info: org.openqa.selenium.chrome.ChromeDriver<br />Capabilities {acceptInsecureCerts: false, acceptSslCerts: false, applicationCacheEnabled: false, browserConnectionEnabled: false, browserName: chrome, chrome: {chromedriverVersion: 2.45.615291 (ec3682e3c9061c..., userDataDir: C:\Users\GEETHA~1.MUD\AppDa...}, cssSelectorsEnabled: true, databaseEnabled: false, goog:chromeOptions: {debuggerAddress: localhost:52798}, handlesAlerts: true, hasTouchScreen: false, javascriptEnabled: true, locationContextEnabled: true, mobileEmulationEnabled: false, nativeEvents: true, networkConnectionEnabled: false, pageLoadStrategy: normal, platform: XP, platformName: XP, proxy: Proxy(), rotatable: false, setWindowRect: true, strictFileInteractability: false, takesHeapSnapshot: true, takesScreenshot: true, timeouts: {implicit: 0, pageLoad: 300000, script: 30000}, unexpectedAlertBehaviour: ignore, unhandledPromptBehavior: ignore, version: 72.0.3626.121, webStorageEnabled: true}<br />Session ID: 42c465ed996df39f10acacb144f8cc38</td>
</tr>

<tr>
<td>71915</td>
<td title="main thread">main</td>
<td title="Level"><font color="#993300"><strong>ERROR</strong></font></td>
<td title="Test.TestController logger">Test.TestController</td>
<td>TestController.java:188</td>
<td title="Message">TestCase: TC03TestStep: TS08Keyword : ClickAndSelectSingleSelectDropdown<br />Screenshot_Path: C:\FunctionalTestAutomation\Screenshots\TC03TS08ClickAndSelectSingleSelectDropdown_25_03_2019_06_58_10.png</td>
</tr>

<tr>
<td>92051</td>
<td title="main thread">main</td>
<td title="Level"><font color="#993300"><strong>ERROR</strong></font></td>
<td title="TestBase.TestBaseClass logger">TestBase.TestBaseClass</td>
<td>Keywords.java:2667</td>
<td title="Message">TestCase: TC03TestStep: TS18Keyword : Verify_SearchResults_InAuditGrids<br />Error :stale element reference: element is not attached to the page document<br />  (Session info: chrome=72.0.3626.121)<br />  (Driver info: chromedriver=2.45.615291 (ec3682e3c9061c10f26ea9e5cdcf3c53f3f74387),platform=Windows NT 10.0.17134 x86_64) (WARNING: The server did not provide any stacktrace information)<br />Command duration or timeout: 0 milliseconds<br />For documentation on this error, please visit: https://www.seleniumhq.org/exceptions/stale_element_reference.html<br />Build info: version: '3.141.59', revision: 'e82be7d358', time: '2018-11-14T08:25:53'<br />System info: host: 'PP-IN-LAP-13', ip: '10.1.90.154', os.name: 'Windows 10', os.arch: 'x86', os.version: '10.0', java.version: '1.8.0_201'<br />Driver info: org.openqa.selenium.chrome.ChromeDriver<br />Capabilities {acceptInsecureCerts: false, acceptSslCerts: false, applicationCacheEnabled: false, browserConnectionEnabled: false, browserName: chrome, chrome: {chromedriverVersion: 2.45.615291 (ec3682e3c9061c..., userDataDir: C:\Users\GEETHA~1.MUD\AppDa...}, cssSelectorsEnabled: true, databaseEnabled: false, goog:chromeOptions: {debuggerAddress: localhost:58792}, handlesAlerts: true, hasTouchScreen: false, javascriptEnabled: true, locationContextEnabled: true, mobileEmulationEnabled: false, nativeEvents: true, networkConnectionEnabled: false, pageLoadStrategy: normal, platform: XP, platformName: XP, proxy: Proxy(), rotatable: false, setWindowRect: true, strictFileInteractability: false, takesHeapSnapshot: true, takesScreenshot: true, timeouts: {implicit: 0, pageLoad: 300000, script: 30000}, unexpectedAlertBehaviour: ignore, unhandledPromptBehavior: ignore, version: 72.0.3626.121, webStorageEnabled: true}<br />Session ID: 1b306871226df0142beb430a55752334</td>
</tr>

<tr>
<td>92531</td>
<td title="main thread">main</td>
<td title="Level"><font color="#993300"><strong>ERROR</strong></font></td>
<td title="Test.TestController logger">Test.TestController</td>
<td>TestController.java:188</td>
<td title="Message">TestCase: TC03TestStep: TS18Keyword : Verify_SearchResults_InAuditGrids<br />Screenshot_Path: C:\FunctionalTestAutomation\Screenshots\TC03TS18Verify_SearchResults_InAuditGrids_25_03_2019_07_50_23.png</td>
</tr>
</table>
<br>
</body></html>
